<?xml version="1.0" encoding="UTF-8"?>
<testsuite name="tourGuide.TestPerformance" tests="2" skipped="0" failures="0" errors="0" timestamp="2020-09-20T14:20:55" hostname="PO703394" time="10.656">
  <properties/>
  <testcase name="highVolumeTrackLocation" classname="tourGuide.TestPerformance" time="4.598"/>
  <testcase name="highVolumeGetRewards" classname="tourGuide.TestPerformance" time="6.058"/>
  <system-out><![CDATA[16:20:55.447 [Test worker] DEBUG tourGuide.service.TripPricerServiceImpl - constructor TripPricerService
16:20:55.459 [Test worker] INFO tourGuide.service.TourGuideService - TestMode enabled
16:20:55.459 [Test worker] DEBUG tourGuide.service.TourGuideService - Initializing users
16:20:55.477 [Test worker] DEBUG tourGuide.service.TourGuideService - User : 45e92e40-4a17-45c1-aea9-20e555203240 internalUser0
16:20:55.479 [Test worker] DEBUG tourGuide.service.TourGuideService - User : 9e3ba99b-0bb3-4205-83f5-0506152b69be internalUser1
16:20:55.479 [Test worker] DEBUG tourGuide.service.TourGuideService - User : f79d39eb-98f5-43fc-9b9b-8c1e265ad482 internalUser2
16:20:55.479 [Test worker] DEBUG tourGuide.service.TourGuideService - User : e32bed20-fe43-4bb4-88cf-aa14c7d87f5f internalUser3
16:20:55.479 [Test worker] DEBUG tourGuide.service.TourGuideService - User : 44ce76cd-5c54-4d11-8efa-882365701a50 internalUser4
16:20:55.479 [Test worker] DEBUG tourGuide.service.TourGuideService - User : b773b0df-b011-4757-8809-c86abe2352d7 internalUser5
16:20:55.479 [Test worker] DEBUG tourGuide.service.TourGuideService - User : 9c661f15-3af9-4df2-a16e-7b3cd67c2cc0 internalUser6
16:20:55.479 [Test worker] DEBUG tourGuide.service.TourGuideService - User : ac714ff4-e850-4106-9d0b-42bb8a8b3d0e internalUser7
16:20:55.479 [Test worker] DEBUG tourGuide.service.TourGuideService - User : bcea4261-4c96-4dbc-9055-1777bcb038cb internalUser8
16:20:55.479 [Test worker] DEBUG tourGuide.service.TourGuideService - User : 33a48efb-d48f-495f-ae1e-55f342ac79a7 internalUser9
16:20:55.479 [Test worker] DEBUG tourGuide.service.TourGuideService - User : fe56a983-c6c7-4e2e-a6fc-608a7311797a internalUser10
16:20:55.479 [Test worker] DEBUG tourGuide.service.TourGuideService - User : 096bf177-02af-4e56-ad7a-0f3b269379f8 internalUser11
16:20:55.479 [Test worker] DEBUG tourGuide.service.TourGuideService - User : 36ce8f26-5131-41b5-aa0a-3885a7cb5e2e internalUser12
16:20:55.479 [Test worker] DEBUG tourGuide.service.TourGuideService - User : b0264b3d-9302-4aff-bca6-7c0f880e22ca internalUser13
16:20:55.479 [Test worker] DEBUG tourGuide.service.TourGuideService - User : 1b15c61e-2d12-4a3b-a7f7-84bab8fc247d internalUser14
16:20:55.479 [Test worker] DEBUG tourGuide.service.TourGuideService - User : b538369c-9222-449e-a7eb-dd5b23cf033e internalUser15
16:20:55.479 [Test worker] DEBUG tourGuide.service.TourGuideService - User : febdd1f3-2339-4461-bbf5-504eceda36ab internalUser16
16:20:55.479 [Test worker] DEBUG tourGuide.service.TourGuideService - User : 788d7bf1-1163-4d82-b56c-5866f9860468 internalUser17
16:20:55.487 [Test worker] DEBUG tourGuide.service.TourGuideService - User : fb6ae33c-afbd-478b-9aaf-0682593fc246 internalUser18
16:20:55.487 [Test worker] DEBUG tourGuide.service.TourGuideService - User : 916ae149-882d-47b9-9687-ce8d312c5778 internalUser19
16:20:55.487 [Test worker] DEBUG tourGuide.service.TourGuideService - User : fc977dd6-242f-4fc9-940a-9bc1c2dfa49d internalUser20
16:20:55.489 [Test worker] DEBUG tourGuide.service.TourGuideService - User : 64368c03-5928-4f6f-8255-decefdaf016a internalUser21
16:20:55.489 [Test worker] DEBUG tourGuide.service.TourGuideService - User : d88643b7-32b7-4ab0-90be-b6805528685e internalUser22
16:20:55.489 [Test worker] DEBUG tourGuide.service.TourGuideService - User : 1b8f44c4-d2aa-4ad5-b9cf-06d6aaa6f916 internalUser23
16:20:55.489 [Test worker] DEBUG tourGuide.service.TourGuideService - User : 9744cb90-0f05-4bac-bd0c-e60960a4b707 internalUser24
16:20:55.489 [Test worker] DEBUG tourGuide.service.TourGuideService - User : f280d3ff-501d-4328-a9eb-4d198da7f8c0 internalUser25
16:20:55.489 [Test worker] DEBUG tourGuide.service.TourGuideService - User : 89d72ac2-8e64-4f84-b136-0a4a214eb1eb internalUser26
16:20:55.489 [Test worker] DEBUG tourGuide.service.TourGuideService - User : 4c06330b-7624-4a0f-ab30-c16eec1c05c6 internalUser27
16:20:55.489 [Test worker] DEBUG tourGuide.service.TourGuideService - User : 8de8b329-0093-40da-9a0f-909643b804d3 internalUser28
16:20:55.489 [Test worker] DEBUG tourGuide.service.TourGuideService - User : 41a6b595-52d2-49c9-afac-7055c943b473 internalUser29
16:20:55.489 [Test worker] DEBUG tourGuide.service.TourGuideService - User : ef700a18-99dc-46c9-ad7b-6214755f355b internalUser30
16:20:55.489 [Test worker] DEBUG tourGuide.service.TourGuideService - User : 5ef93cf0-3afb-4733-b748-6d87afe78a48 internalUser31
16:20:55.497 [Test worker] DEBUG tourGuide.service.TourGuideService - User : da92fba7-5d62-45d7-b949-cc3125595caa internalUser32
16:20:55.499 [Test worker] DEBUG tourGuide.service.TourGuideService - User : 4f3a1fbb-7844-481c-a73b-ce71554916ee internalUser33
16:20:55.499 [Test worker] DEBUG tourGuide.service.TourGuideService - User : b029788d-69e0-4430-a924-aa84804b0383 internalUser34
16:20:55.499 [Test worker] DEBUG tourGuide.service.TourGuideService - User : 6e2692db-b56b-4876-9ddd-c6bef020408c internalUser35
16:20:55.499 [Test worker] DEBUG tourGuide.service.TourGuideService - User : df532699-93dd-4a7d-b9e6-c15b16af219a internalUser36
16:20:55.499 [Test worker] DEBUG tourGuide.service.TourGuideService - User : 190dd4ff-1abb-418e-9d9b-dd231c0885d1 internalUser37
16:20:55.499 [Test worker] DEBUG tourGuide.service.TourGuideService - User : 613068ca-d45c-492b-bd69-404f6412efe4 internalUser38
16:20:55.499 [Test worker] DEBUG tourGuide.service.TourGuideService - User : 6d0fde70-9d42-4731-af07-7db45f45c176 internalUser39
16:20:55.499 [Test worker] DEBUG tourGuide.service.TourGuideService - User : 6b66ac7b-3b0b-482e-8d7d-6251b8cdb8c6 internalUser40
16:20:55.499 [Test worker] DEBUG tourGuide.service.TourGuideService - User : 7fb7dabc-a0e1-4a6a-b042-40654ab2e2e4 internalUser41
16:20:55.499 [Test worker] DEBUG tourGuide.service.TourGuideService - User : a7ea1de8-806a-4a4e-a794-1b6c7a5d83c1 internalUser42
16:20:55.499 [Test worker] DEBUG tourGuide.service.TourGuideService - User : 86c9949f-c2f5-4a38-a84d-0236bd23d2be internalUser43
16:20:55.499 [Test worker] DEBUG tourGuide.service.TourGuideService - User : 6cb62c64-c5af-4b09-ba55-352b74d3ae08 internalUser44
16:20:55.499 [Test worker] DEBUG tourGuide.service.TourGuideService - User : f7334d8e-e56a-4307-96b3-9ebe77940200 internalUser45
16:20:55.499 [Test worker] DEBUG tourGuide.service.TourGuideService - User : f885d425-0c71-47bc-9a89-38476bc6fb09 internalUser46
16:20:55.509 [Test worker] DEBUG tourGuide.service.TourGuideService - User : 743c3e1d-1f36-4eb7-a10d-74d0ffbdb0c5 internalUser47
16:20:55.509 [Test worker] DEBUG tourGuide.service.TourGuideService - User : 8f0584bd-c2f4-43bf-9a30-86c7c76e81d2 internalUser48
16:20:55.509 [Test worker] DEBUG tourGuide.service.TourGuideService - User : 8d4cb85b-b993-4525-8e5f-2518ca04bb23 internalUser49
16:20:55.509 [Test worker] DEBUG tourGuide.service.TourGuideService - User : 21d72578-d512-4d38-bd1f-e3d00c30b158 internalUser50
16:20:55.509 [Test worker] DEBUG tourGuide.service.TourGuideService - User : 08c049ff-16e9-46d6-b679-a49a6899197f internalUser51
16:20:55.509 [Test worker] DEBUG tourGuide.service.TourGuideService - User : e7fd32f5-1f6f-4de4-b619-58b0ab9205af internalUser52
16:20:55.509 [Test worker] DEBUG tourGuide.service.TourGuideService - User : dab26fdd-c544-4a32-8856-9d860db3c002 internalUser53
16:20:55.509 [Test worker] DEBUG tourGuide.service.TourGuideService - User : f4947ce1-699c-4eac-a1a6-79ddd60aeeb4 internalUser54
16:20:55.509 [Test worker] DEBUG tourGuide.service.TourGuideService - User : 4adb0d01-6006-4513-adf3-2f540c501703 internalUser55
16:20:55.509 [Test worker] DEBUG tourGuide.service.TourGuideService - User : ef920221-5d47-4273-ab13-e7c2446eaecb internalUser56
16:20:55.509 [Test worker] DEBUG tourGuide.service.TourGuideService - User : 90070b19-7a98-40cf-88c4-f907dd6d866e internalUser57
16:20:55.509 [Test worker] DEBUG tourGuide.service.TourGuideService - User : e156deb2-0d8c-4947-af01-1820189a9e72 internalUser58
16:20:55.509 [Test worker] DEBUG tourGuide.service.TourGuideService - User : f13c3105-535a-4218-a5ef-e894640b39d6 internalUser59
16:20:55.509 [Test worker] DEBUG tourGuide.service.TourGuideService - User : 02a7979a-acc1-4aec-83e4-b9b05bade0a9 internalUser60
16:20:55.509 [Test worker] DEBUG tourGuide.service.TourGuideService - User : 31774d49-ab37-4a97-bbb2-999f1612dd8e internalUser61
16:20:55.509 [Test worker] DEBUG tourGuide.service.TourGuideService - User : 8fa8efb0-54ae-48bd-a3ed-79a9386141dd internalUser62
16:20:55.509 [Test worker] DEBUG tourGuide.service.TourGuideService - User : 6cc48244-973b-4cd6-a3d7-ad184450cb19 internalUser63
16:20:55.517 [Test worker] DEBUG tourGuide.service.TourGuideService - User : 1a0fc0d9-55c4-4f9e-8177-11195dcbe78b internalUser64
16:20:55.517 [Test worker] DEBUG tourGuide.service.TourGuideService - User : af15fee2-1321-4192-b90f-f5411c554104 internalUser65
16:20:55.517 [Test worker] DEBUG tourGuide.service.TourGuideService - User : abc3778e-6acf-4493-b3ad-bb339f9cd08a internalUser66
16:20:55.517 [Test worker] DEBUG tourGuide.service.TourGuideService - User : 1c0e5223-e112-4216-bcbf-779dc0693df4 internalUser67
16:20:55.517 [Test worker] DEBUG tourGuide.service.TourGuideService - User : da3bc961-3d24-4619-a8eb-0e27dee9ca1c internalUser68
16:20:55.519 [Test worker] DEBUG tourGuide.service.TourGuideService - User : be369fc7-d82e-4d18-8eef-26468fb8939a internalUser69
16:20:55.519 [Test worker] DEBUG tourGuide.service.TourGuideService - User : 2961e975-3c6a-424c-950f-3c8415bdbe89 internalUser70
16:20:55.519 [Test worker] DEBUG tourGuide.service.TourGuideService - User : 5efcf74a-f53d-4835-96e4-ed281fb1e095 internalUser71
16:20:55.519 [Test worker] DEBUG tourGuide.service.TourGuideService - User : 3ebe7a7d-64a3-4b07-9c5f-689b05e18500 internalUser72
16:20:55.519 [Test worker] DEBUG tourGuide.service.TourGuideService - User : fb917355-82e2-4a5b-8cec-fc28fb286722 internalUser73
16:20:55.519 [Test worker] DEBUG tourGuide.service.TourGuideService - User : 67876e92-8dc5-411f-8a5c-db50f882b6c2 internalUser74
16:20:55.519 [Test worker] DEBUG tourGuide.service.TourGuideService - User : f049b9c9-e217-418f-87e0-bee40243e24b internalUser75
16:20:55.519 [Test worker] DEBUG tourGuide.service.TourGuideService - User : ad3a9e56-8bfe-48e2-9b12-16292f436601 internalUser76
16:20:55.519 [Test worker] DEBUG tourGuide.service.TourGuideService - User : 6907549b-38d4-4532-8655-b5285bb698f2 internalUser77
16:20:55.519 [Test worker] DEBUG tourGuide.service.TourGuideService - User : 894257af-187c-4d02-bc58-d122e5891d95 internalUser78
16:20:55.519 [Test worker] DEBUG tourGuide.service.TourGuideService - User : 8e11c7d4-b3f3-4e90-8a6a-542c58892fae internalUser79
16:20:55.519 [Test worker] DEBUG tourGuide.service.TourGuideService - User : fa285381-dfc9-4b67-9698-c784c88d1c6e internalUser80
16:20:55.519 [Test worker] DEBUG tourGuide.service.TourGuideService - User : 8d2a8c17-8d44-4798-9865-a2982040e745 internalUser81
16:20:55.519 [Test worker] DEBUG tourGuide.service.TourGuideService - User : 94f1c25b-f52c-4b4a-b834-6e9339e7d333 internalUser82
16:20:55.519 [Test worker] DEBUG tourGuide.service.TourGuideService - User : 07e628ae-6b88-4797-bd16-942550ae1986 internalUser83
16:20:55.519 [Test worker] DEBUG tourGuide.service.TourGuideService - User : 599df0e9-61ba-4107-8bae-dea093be6533 internalUser84
16:20:55.519 [Test worker] DEBUG tourGuide.service.TourGuideService - User : ac4c8655-784e-485b-8d13-cff00c850ccf internalUser85
16:20:55.519 [Test worker] DEBUG tourGuide.service.TourGuideService - User : 13e9032e-0df7-40b9-b190-2eea35f8b652 internalUser86
16:20:55.527 [Test worker] DEBUG tourGuide.service.TourGuideService - User : 7e26f1d7-bdbd-42bf-9867-2f1bd1d62e65 internalUser87
16:20:55.527 [Test worker] DEBUG tourGuide.service.TourGuideService - User : d14816e3-2f82-4120-811e-c2c95dfffad4 internalUser88
16:20:55.527 [Test worker] DEBUG tourGuide.service.TourGuideService - User : 7c2fb08b-124e-41b9-b5e6-716e2c5e788b internalUser89
16:20:55.527 [Test worker] DEBUG tourGuide.service.TourGuideService - User : 86b67b32-b057-42a4-b332-265f0f51302d internalUser90
16:20:55.527 [Test worker] DEBUG tourGuide.service.TourGuideService - User : d52d64a9-1518-4723-8fef-161864544994 internalUser91
16:20:55.527 [Test worker] DEBUG tourGuide.service.TourGuideService - User : fcc7ec2e-eaef-45cb-a620-59cc387e7297 internalUser92
16:20:55.529 [Test worker] DEBUG tourGuide.service.TourGuideService - User : f45e1cf8-07cd-4941-99db-d64781678000 internalUser93
16:20:55.529 [Test worker] DEBUG tourGuide.service.TourGuideService - User : abe01883-b072-44b4-80b3-40f39916e951 internalUser94
16:20:55.529 [Test worker] DEBUG tourGuide.service.TourGuideService - User : 65c70283-71f5-44b1-95bd-d2c605423519 internalUser95
16:20:55.529 [Test worker] DEBUG tourGuide.service.TourGuideService - User : e6c6d4ac-a757-41ba-85c7-8fc4aeec5c59 internalUser96
16:20:55.529 [Test worker] DEBUG tourGuide.service.TourGuideService - User : 848f7ce8-44d6-4663-804d-e1769f4098ab internalUser97
16:20:55.529 [Test worker] DEBUG tourGuide.service.TourGuideService - User : dee302f3-a935-4af4-b679-2900a5b090e2 internalUser98
16:20:55.529 [Test worker] DEBUG tourGuide.service.TourGuideService - User : e6d921ba-8687-4b65-975e-d2c887786b43 internalUser99
16:20:55.529 [Test worker] DEBUG tourGuide.service.TourGuideService - User : c9eff899-6946-4a96-b690-0a58b27d7430 internalUser100
16:20:55.529 [Test worker] DEBUG tourGuide.service.TourGuideService - User : ef61c01f-7dde-4fdd-bd92-6e284f614c11 internalUser101
16:20:55.529 [Test worker] DEBUG tourGuide.service.TourGuideService - User : 7ca1bc64-4875-40ef-b536-d8857b4a7912 internalUser102
16:20:55.529 [Test worker] DEBUG tourGuide.service.TourGuideService - User : bd1b1b11-8a6f-4835-ba0f-f51a56715da8 internalUser103
16:20:55.529 [Test worker] DEBUG tourGuide.service.TourGuideService - User : cd6d5875-1bdf-4d82-b475-02aea5b542c3 internalUser104
16:20:55.529 [Test worker] DEBUG tourGuide.service.TourGuideService - User : 4fa9f0ec-f7a1-4c41-a7d0-e91909b2f6a7 internalUser105
16:20:55.529 [Test worker] DEBUG tourGuide.service.TourGuideService - User : f7321252-cbd3-4d7f-997d-859cf7dc40a8 internalUser106
16:20:55.529 [Test worker] DEBUG tourGuide.service.TourGuideService - User : d713e95b-1252-4b09-b381-9289aa954f7d internalUser107
16:20:55.529 [Test worker] DEBUG tourGuide.service.TourGuideService - User : 2b784137-3045-439b-ac0e-403d0b91c7db internalUser108
16:20:55.529 [Test worker] DEBUG tourGuide.service.TourGuideService - User : 3ca91645-9437-4fbd-831c-94a37b055e43 internalUser109
16:20:55.529 [Test worker] DEBUG tourGuide.service.TourGuideService - User : 715a3e76-4928-458c-9d43-bb11f7db58ac internalUser110
16:20:55.529 [Test worker] DEBUG tourGuide.service.TourGuideService - User : fa0b8adb-e257-4e42-9016-82358955780b internalUser111
16:20:55.529 [Test worker] DEBUG tourGuide.service.TourGuideService - User : d2670ef0-a667-4ddc-8e56-34fa8e906cdc internalUser112
16:20:55.529 [Test worker] DEBUG tourGuide.service.TourGuideService - User : 6bec047c-ac3e-424e-adb9-26de1c50810b internalUser113
16:20:55.529 [Test worker] DEBUG tourGuide.service.TourGuideService - User : 6cb31b1a-56d4-4a31-90c4-0f3c9fc64489 internalUser114
16:20:55.529 [Test worker] DEBUG tourGuide.service.TourGuideService - User : 1a21bbd4-ba34-433e-8d83-9da634d85509 internalUser115
16:20:55.529 [Test worker] DEBUG tourGuide.service.TourGuideService - User : f60a869d-748f-4ec2-ba53-f5485ec18515 internalUser116
16:20:55.529 [Test worker] DEBUG tourGuide.service.TourGuideService - User : 810e24e9-e68c-492d-b60c-ae4684b758b1 internalUser117
16:20:55.529 [Test worker] DEBUG tourGuide.service.TourGuideService - User : 3f9d9f9e-850e-496d-9357-8b4637aa9abb internalUser118
16:20:55.537 [Test worker] DEBUG tourGuide.service.TourGuideService - User : 5ef948c5-b23e-49d9-a9ea-86e2fa450372 internalUser119
16:20:55.537 [Test worker] DEBUG tourGuide.service.TourGuideService - User : 788ed666-d45a-45a4-bb82-d794186ba657 internalUser120
16:20:55.537 [Test worker] DEBUG tourGuide.service.TourGuideService - User : bc1831c2-818a-44ba-94ac-563752470938 internalUser121
16:20:55.537 [Test worker] DEBUG tourGuide.service.TourGuideService - User : 437bc426-f7f9-40cc-ab3a-64f31175cb7e internalUser122
16:20:55.537 [Test worker] DEBUG tourGuide.service.TourGuideService - User : e3c25637-9aa3-4cc5-b16e-8ad9af3460b9 internalUser123
16:20:55.537 [Test worker] DEBUG tourGuide.service.TourGuideService - User : c979e2df-ce63-4f1a-8e30-2c2cedefc976 internalUser124
16:20:55.539 [Test worker] DEBUG tourGuide.service.TourGuideService - User : 1975cf17-c90b-4206-a529-5e63bddabee9 internalUser125
16:20:55.539 [Test worker] DEBUG tourGuide.service.TourGuideService - User : 1256554e-9fa0-4d21-bf83-346b2045ce29 internalUser126
16:20:55.539 [Test worker] DEBUG tourGuide.service.TourGuideService - User : e1c2dff8-e0c8-451c-a418-621519939495 internalUser127
16:20:55.539 [Test worker] DEBUG tourGuide.service.TourGuideService - User : 327ab544-b962-4a77-ad6d-65aee5e0d9d1 internalUser128
16:20:55.539 [Test worker] DEBUG tourGuide.service.TourGuideService - User : af6d8a72-f668-4f31-93ce-20d947c2ae13 internalUser129
16:20:55.539 [Test worker] DEBUG tourGuide.service.TourGuideService - User : 761f5bb0-e728-4c82-a56f-603ad2d6e6dc internalUser130
16:20:55.539 [Test worker] DEBUG tourGuide.service.TourGuideService - User : cfbaeea3-4b3c-4d94-9500-ebaaa2f9b6ef internalUser131
16:20:55.539 [Test worker] DEBUG tourGuide.service.TourGuideService - User : 11c41036-e4a3-4d46-ab6c-da09d17cc5b8 internalUser132
16:20:55.539 [Test worker] DEBUG tourGuide.service.TourGuideService - User : c8e67416-b6cd-43b7-a9cc-dad51d772b0a internalUser133
16:20:55.539 [Test worker] DEBUG tourGuide.service.TourGuideService - User : d5e63e6d-2d3d-46c4-9c80-40344af3f6d9 internalUser134
16:20:55.539 [Test worker] DEBUG tourGuide.service.TourGuideService - User : 521b6474-5d66-40da-b719-e0c289e39933 internalUser135
16:20:55.539 [Test worker] DEBUG tourGuide.service.TourGuideService - User : 1683cf8c-ca94-43ce-87a7-e222f231f1e4 internalUser136
16:20:55.539 [Test worker] DEBUG tourGuide.service.TourGuideService - User : b751df48-6f9e-4a67-96be-06caabdd956a internalUser137
16:20:55.539 [Test worker] DEBUG tourGuide.service.TourGuideService - User : 5bf016c4-cd0c-42b9-80d8-0021fe987e9b internalUser138
16:20:55.539 [Test worker] DEBUG tourGuide.service.TourGuideService - User : 03ec82c0-9024-40ec-b610-d5bf50164094 internalUser139
16:20:55.539 [Test worker] DEBUG tourGuide.service.TourGuideService - User : bd493623-0675-463b-a5b6-471aeac583db internalUser140
16:20:55.539 [Test worker] DEBUG tourGuide.service.TourGuideService - User : e6650126-670b-481a-b10d-789890eba7d7 internalUser141
16:20:55.539 [Test worker] DEBUG tourGuide.service.TourGuideService - User : 45d2fa6d-180f-4d17-a6cb-3c1bd7518c62 internalUser142
16:20:55.539 [Test worker] DEBUG tourGuide.service.TourGuideService - User : 283e3120-d3b9-4009-81a2-772968304de0 internalUser143
16:20:55.539 [Test worker] DEBUG tourGuide.service.TourGuideService - User : 8824fd09-4ba7-4c7a-948e-f1628b43cb99 internalUser144
16:20:55.539 [Test worker] DEBUG tourGuide.service.TourGuideService - User : 5fb8f1cc-658b-4a2d-be11-d357c1d1aed0 internalUser145
16:20:55.539 [Test worker] DEBUG tourGuide.service.TourGuideService - User : 4d511319-661f-41e6-bd5d-23be33cf0613 internalUser146
16:20:55.539 [Test worker] DEBUG tourGuide.service.TourGuideService - User : be96b4f0-fad8-4174-ba61-d4752f1e6de7 internalUser147
16:20:55.547 [Test worker] DEBUG tourGuide.service.TourGuideService - User : 46cda7d5-5cc3-49b2-b3ed-5eaead07af91 internalUser148
16:20:55.547 [Test worker] DEBUG tourGuide.service.TourGuideService - User : 81960fce-cb42-4b46-8bb5-31fb0e51b1b6 internalUser149
16:20:55.549 [Test worker] DEBUG tourGuide.service.TourGuideService - User : bbfaa47f-d57b-4006-9aa6-120340d65015 internalUser150
16:20:55.549 [Test worker] DEBUG tourGuide.service.TourGuideService - User : e6830368-b854-4810-b980-054bd1ed7f33 internalUser151
16:20:55.549 [Test worker] DEBUG tourGuide.service.TourGuideService - User : e01f2d91-2670-4de1-9127-57f3e5ecd7e8 internalUser152
16:20:55.549 [Test worker] DEBUG tourGuide.service.TourGuideService - User : 8881a185-46a0-4195-b666-49101f453f61 internalUser153
16:20:55.549 [Test worker] DEBUG tourGuide.service.TourGuideService - User : 66482db2-87fd-45a4-abd2-b5962c4b06f6 internalUser154
16:20:55.549 [Test worker] DEBUG tourGuide.service.TourGuideService - User : af965376-3ec7-46ca-bb2b-2817cfba38c7 internalUser155
16:20:55.549 [Test worker] DEBUG tourGuide.service.TourGuideService - User : 96d64146-6622-47a8-90cf-13beced69a96 internalUser156
16:20:55.549 [Test worker] DEBUG tourGuide.service.TourGuideService - User : 32436dd2-48a3-42fb-a12b-b80fcac71fcc internalUser157
16:20:55.549 [Test worker] DEBUG tourGuide.service.TourGuideService - User : fb0e8a90-274b-4458-b7b3-237a0e665f09 internalUser158
16:20:55.549 [Test worker] DEBUG tourGuide.service.TourGuideService - User : 38d67536-5994-4b63-89a5-abf508f82154 internalUser159
16:20:55.549 [Test worker] DEBUG tourGuide.service.TourGuideService - User : ccaa8704-84f9-4de4-8326-2ef6770c0e0a internalUser160
16:20:55.549 [Test worker] DEBUG tourGuide.service.TourGuideService - User : 99f48a67-2118-4b73-bd24-33cb16d320aa internalUser161
16:20:55.549 [Test worker] DEBUG tourGuide.service.TourGuideService - User : 1ea34f30-1ad3-4244-9a4d-56b18df39de0 internalUser162
16:20:55.549 [Test worker] DEBUG tourGuide.service.TourGuideService - User : 486a925e-b63e-4fa4-b9fe-ac9520274b7a internalUser163
16:20:55.557 [Test worker] DEBUG tourGuide.service.TourGuideService - User : 63f8f82e-7c93-4627-b170-7e33f738cdbd internalUser164
16:20:55.559 [Test worker] DEBUG tourGuide.service.TourGuideService - User : 43d4d76e-0bbe-498d-8b22-7f44c9a197e6 internalUser165
16:20:55.559 [Test worker] DEBUG tourGuide.service.TourGuideService - User : 962fab1e-c381-4f02-ba67-892516eade64 internalUser166
16:20:55.559 [Test worker] DEBUG tourGuide.service.TourGuideService - User : 697229ba-1b33-4b3d-a769-7e1d3f4d294d internalUser167
16:20:55.559 [Test worker] DEBUG tourGuide.service.TourGuideService - User : ac8dace6-833f-4d37-bf7e-70c824cac8ff internalUser168
16:20:55.559 [Test worker] DEBUG tourGuide.service.TourGuideService - User : 8d464f63-86fe-4805-864f-8aaaf83f16ba internalUser169
16:20:55.567 [Test worker] DEBUG tourGuide.service.TourGuideService - User : 3b303ea9-8bd9-4175-8fee-9e601fd440cb internalUser170
16:20:55.567 [Test worker] DEBUG tourGuide.service.TourGuideService - User : a25c2de1-2c61-47e4-9529-9b556d6d9f6c internalUser171
16:20:55.569 [Test worker] DEBUG tourGuide.service.TourGuideService - User : 25e510a7-1bcb-4a5d-afaa-c505e19abe0e internalUser172
16:20:55.569 [Test worker] DEBUG tourGuide.service.TourGuideService - User : 0eac36be-4b11-4166-a2e9-6ac610d994df internalUser173
16:20:55.569 [Test worker] DEBUG tourGuide.service.TourGuideService - User : ad4b5b46-aad9-43d2-8f2a-3c8c2a1fc696 internalUser174
16:20:55.569 [Test worker] DEBUG tourGuide.service.TourGuideService - User : 880b388e-66af-4d47-9550-fabe6579aab4 internalUser175
16:20:55.569 [Test worker] DEBUG tourGuide.service.TourGuideService - User : 45d4ba66-758f-48ec-b28a-2e947d781d1f internalUser176
16:20:55.569 [Test worker] DEBUG tourGuide.service.TourGuideService - User : 7df6ad79-2c9a-4ff5-894e-4c99c27437ee internalUser177
16:20:55.569 [Test worker] DEBUG tourGuide.service.TourGuideService - User : 0da3fe82-efee-4483-bfb8-9d46fe639929 internalUser178
16:20:55.569 [Test worker] DEBUG tourGuide.service.TourGuideService - User : dd8e41eb-10f4-41dc-ac33-dc6080408efe internalUser179
16:20:55.569 [Test worker] DEBUG tourGuide.service.TourGuideService - User : e99b7d49-ceef-4e7b-873a-b06ed57c0e2f internalUser180
16:20:55.569 [Test worker] DEBUG tourGuide.service.TourGuideService - User : e763027b-1453-4941-8501-e699425d3882 internalUser181
16:20:55.569 [Test worker] DEBUG tourGuide.service.TourGuideService - User : 9e50eaf1-bd4e-44a7-9e32-e03e3ff29af2 internalUser182
16:20:55.569 [Test worker] DEBUG tourGuide.service.TourGuideService - User : ef966669-a422-46b0-9c65-1ff419bf5f45 internalUser183
16:20:55.569 [Test worker] DEBUG tourGuide.service.TourGuideService - User : f7990ad6-a6ea-43d1-9adb-8e1f75531433 internalUser184
16:20:55.569 [Test worker] DEBUG tourGuide.service.TourGuideService - User : 218575de-9e20-4609-bc6f-3e834899e87c internalUser185
16:20:55.569 [Test worker] DEBUG tourGuide.service.TourGuideService - User : 94e2f7de-97eb-49ac-88df-5a0057224056 internalUser186
16:20:55.569 [Test worker] DEBUG tourGuide.service.TourGuideService - User : a9e1b0d3-c3c9-4bde-863f-835e64c89b7b internalUser187
16:20:55.569 [Test worker] DEBUG tourGuide.service.TourGuideService - User : 9d550a92-eccf-426f-b002-f97d70487de7 internalUser188
16:20:55.569 [Test worker] DEBUG tourGuide.service.TourGuideService - User : 6129090c-886d-4287-aa60-8d43361be874 internalUser189
16:20:55.569 [Test worker] DEBUG tourGuide.service.TourGuideService - User : 203f9730-e124-470d-affd-08c5b95db10c internalUser190
16:20:55.569 [Test worker] DEBUG tourGuide.service.TourGuideService - User : 75a91f93-b916-4059-bed5-3f1b9c2bf1e7 internalUser191
16:20:55.569 [Test worker] DEBUG tourGuide.service.TourGuideService - User : c004d718-4c8d-4d75-974a-a3bbfaaab5a4 internalUser192
16:20:55.569 [Test worker] DEBUG tourGuide.service.TourGuideService - User : fa17c54e-168a-4cb5-a2b2-422ba517d164 internalUser193
16:20:55.577 [Test worker] DEBUG tourGuide.service.TourGuideService - User : 866ebc99-6519-4dc6-8676-66f5e4d628b1 internalUser194
16:20:55.577 [Test worker] DEBUG tourGuide.service.TourGuideService - User : d7234ba2-1e1c-4322-90a4-801df8b1458f internalUser195
16:20:55.577 [Test worker] DEBUG tourGuide.service.TourGuideService - User : 4d772ef7-b469-4c05-a25a-b08d3d592faf internalUser196
16:20:55.577 [Test worker] DEBUG tourGuide.service.TourGuideService - User : 062b22ab-b5d5-4aef-ab67-d219c2ad7231 internalUser197
16:20:55.579 [Test worker] DEBUG tourGuide.service.TourGuideService - User : ef5a790f-6dcf-4d5a-a0ab-0e4c860aa1ac internalUser198
16:20:55.579 [Test worker] DEBUG tourGuide.service.TourGuideService - User : 7f7a8082-a30a-4526-b062-1da0ecab97d9 internalUser199
16:20:55.579 [Test worker] DEBUG tourGuide.service.TourGuideService - User : 485b1d60-0383-4c27-979d-844ebc598c5e internalUser200
16:20:55.579 [Test worker] DEBUG tourGuide.service.TourGuideService - User : d8308d8d-0052-44b9-9234-615657d11c26 internalUser201
16:20:55.579 [Test worker] DEBUG tourGuide.service.TourGuideService - User : 24a3563a-b713-4702-b840-aba702390345 internalUser202
16:20:55.579 [Test worker] DEBUG tourGuide.service.TourGuideService - User : d38c65c8-4b2c-480d-9d0d-695faf3d94f8 internalUser203
16:20:55.579 [Test worker] DEBUG tourGuide.service.TourGuideService - User : bb6eadc5-3bdd-4ebb-8cef-393286712007 internalUser204
16:20:55.579 [Test worker] DEBUG tourGuide.service.TourGuideService - User : 9ac96436-222c-4e57-848a-5c3394287a18 internalUser205
16:20:55.579 [Test worker] DEBUG tourGuide.service.TourGuideService - User : cb7cb1cb-521b-455b-bb11-4c03aaa60bdd internalUser206
16:20:55.579 [Test worker] DEBUG tourGuide.service.TourGuideService - User : 421b7df5-6f65-464e-ac77-94b9fac87461 internalUser207
16:20:55.579 [Test worker] DEBUG tourGuide.service.TourGuideService - User : ffde65ee-5ece-473f-a2fc-2c471068c388 internalUser208
16:20:55.579 [Test worker] DEBUG tourGuide.service.TourGuideService - User : 9d14c5ef-2ab5-4b23-87a6-61eaef44e420 internalUser209
16:20:55.579 [Test worker] DEBUG tourGuide.service.TourGuideService - User : 92b01df0-b85e-42ba-afda-57fcd3a7591c internalUser210
16:20:55.579 [Test worker] DEBUG tourGuide.service.TourGuideService - User : a30210ca-e4de-44e8-bffa-7f6a7a765ae6 internalUser211
16:20:55.579 [Test worker] DEBUG tourGuide.service.TourGuideService - User : 017cdd57-9120-42e0-b708-12af41d6ddaf internalUser212
16:20:55.600 [Test worker] DEBUG tourGuide.service.TourGuideService - User : 7150b1af-08c5-4aa0-97b8-a5a6255e7147 internalUser213
16:20:55.600 [Test worker] DEBUG tourGuide.service.TourGuideService - User : 8be1869b-04b1-49d2-b2b1-ce0878b8720e internalUser214
16:20:55.600 [Test worker] DEBUG tourGuide.service.TourGuideService - User : 937d2054-e7e6-44b4-8779-392cf5007d07 internalUser215
16:20:55.600 [Test worker] DEBUG tourGuide.service.TourGuideService - User : e3d57cbb-b6c0-4dcd-b457-d5fee8a8dd2e internalUser216
16:20:55.608 [Test worker] DEBUG tourGuide.service.TourGuideService - User : 9b5ad00d-4762-4e08-ab21-fcb3e3e5f733 internalUser217
16:20:55.608 [Test worker] DEBUG tourGuide.service.TourGuideService - User : ee20c415-db87-400d-aed3-37daa866b7f5 internalUser218
16:20:55.608 [Test worker] DEBUG tourGuide.service.TourGuideService - User : a5dd58a6-c393-48ba-89bc-8e34c396a540 internalUser219
16:20:55.608 [Test worker] DEBUG tourGuide.service.TourGuideService - User : 246a9c88-adc9-417f-bb3a-185739042a6a internalUser220
16:20:55.610 [Test worker] DEBUG tourGuide.service.TourGuideService - User : c8278531-8a52-4961-b0fd-ef87e9e349a2 internalUser221
16:20:55.610 [Test worker] DEBUG tourGuide.service.TourGuideService - User : 02557683-b67d-4edd-b7cf-9fcfe7cf96b0 internalUser222
16:20:55.610 [Test worker] DEBUG tourGuide.service.TourGuideService - User : b83effdd-8753-4cce-a768-4d189f6c77b2 internalUser223
16:20:55.610 [Test worker] DEBUG tourGuide.service.TourGuideService - User : 6dfe1e5f-bca3-4088-a0f1-b0b66b9642dd internalUser224
16:20:55.610 [Test worker] DEBUG tourGuide.service.TourGuideService - User : 2684b804-e629-4cc9-b5d2-8cde04b7bdfc internalUser225
16:20:55.610 [Test worker] DEBUG tourGuide.service.TourGuideService - User : 60bdefad-75aa-465b-8ead-2e6085955795 internalUser226
16:20:55.610 [Test worker] DEBUG tourGuide.service.TourGuideService - User : bf60fdf3-e46b-46ee-8c9b-d54bc1478b92 internalUser227
16:20:55.610 [Test worker] DEBUG tourGuide.service.TourGuideService - User : 3ae321ef-fed9-424a-be94-1c707a1f74a1 internalUser228
16:20:55.610 [Test worker] DEBUG tourGuide.service.TourGuideService - User : 4ffd1338-0f0a-47f5-87dd-6d0eb371e5e0 internalUser229
16:20:55.610 [Test worker] DEBUG tourGuide.service.TourGuideService - User : e5465a55-e61e-4103-80b9-10b528548fc0 internalUser230
16:20:55.620 [Test worker] DEBUG tourGuide.service.TourGuideService - User : 26230bdc-3938-4973-a642-b9651e8b586e internalUser231
16:20:55.620 [Test worker] DEBUG tourGuide.service.TourGuideService - User : a240e20a-be56-458c-9f53-19cd21c96a83 internalUser232
16:20:55.620 [Test worker] DEBUG tourGuide.service.TourGuideService - User : 61578f23-9995-4a42-94ad-c68fd22261fa internalUser233
16:20:55.620 [Test worker] DEBUG tourGuide.service.TourGuideService - User : edc4aad9-6cb6-4f13-a869-a3008af29a6a internalUser234
16:20:55.620 [Test worker] DEBUG tourGuide.service.TourGuideService - User : 884fdfa5-80e4-4792-85ed-ea5a5d3efe94 internalUser235
16:20:55.620 [Test worker] DEBUG tourGuide.service.TourGuideService - User : 256a3ce3-e19d-4b6b-bcbe-8848d45fc125 internalUser236
16:20:55.620 [Test worker] DEBUG tourGuide.service.TourGuideService - User : ce74c121-1579-46d0-985d-69b4b6df95f5 internalUser237
16:20:55.628 [Test worker] DEBUG tourGuide.service.TourGuideService - User : be05f4cb-04e5-47a1-aa6b-353adf135bbd internalUser238
16:20:55.628 [Test worker] DEBUG tourGuide.service.TourGuideService - User : bbe31cbe-c0a9-47a8-8ab4-03c780ee7d98 internalUser239
16:20:55.628 [Test worker] DEBUG tourGuide.service.TourGuideService - User : 0361b862-5034-4a2f-9206-4d4b10e5b47c internalUser240
16:20:55.630 [Test worker] DEBUG tourGuide.service.TourGuideService - User : 8c330cd8-c059-408a-9dc0-abae31a0a1d7 internalUser241
16:20:55.630 [Test worker] DEBUG tourGuide.service.TourGuideService - User : 001cb92d-6c2f-4a83-84cf-36130f66936e internalUser242
16:20:55.630 [Test worker] DEBUG tourGuide.service.TourGuideService - User : 0a7274a0-4070-4646-ac9e-95fe1c71b06b internalUser243
16:20:55.630 [Test worker] DEBUG tourGuide.service.TourGuideService - User : f17b801a-1098-4e92-9fb1-86eb09d9496f internalUser244
16:20:55.630 [Test worker] DEBUG tourGuide.service.TourGuideService - User : a5265a79-e650-4706-9635-b2a7b86f319d internalUser245
16:20:55.630 [Test worker] DEBUG tourGuide.service.TourGuideService - User : adbc3531-71f3-4c90-a8ab-f20fed3235ed internalUser246
16:20:55.630 [Test worker] DEBUG tourGuide.service.TourGuideService - User : 9f387931-062b-4ff2-bf36-6128c9e307e1 internalUser247
16:20:55.630 [Test worker] DEBUG tourGuide.service.TourGuideService - User : 736d1733-77e3-4acb-83a8-fa717907aafa internalUser248
16:20:55.630 [Test worker] DEBUG tourGuide.service.TourGuideService - User : deb19d7b-3a69-4760-9585-fb588bdf65b7 internalUser249
16:20:55.630 [Test worker] DEBUG tourGuide.service.TourGuideService - User : 92ea39fd-cebc-4bf7-9863-2f93a300ba16 internalUser250
16:20:55.630 [Test worker] DEBUG tourGuide.service.TourGuideService - User : 7cfb6737-c290-4588-ab61-f2e6d632b887 internalUser251
16:20:55.630 [Test worker] DEBUG tourGuide.service.TourGuideService - User : a8cd84ca-d562-485d-abad-896d340736a9 internalUser252
16:20:55.630 [Test worker] DEBUG tourGuide.service.TourGuideService - User : 97a3d6ae-7027-4a72-8ccc-e26bc7f18783 internalUser253
16:20:55.638 [Test worker] DEBUG tourGuide.service.TourGuideService - User : 2f8980f4-d3b6-4edc-a0bb-5538955be6fc internalUser254
16:20:55.638 [Test worker] DEBUG tourGuide.service.TourGuideService - User : d3ac1d37-be81-4bb8-ac9b-0f81e6b74128 internalUser255
16:20:55.638 [Test worker] DEBUG tourGuide.service.TourGuideService - User : 70873877-b40c-4e60-ac93-1039b407bbd9 internalUser256
16:20:55.638 [Test worker] DEBUG tourGuide.service.TourGuideService - User : 2592e3a8-db46-4aad-b40c-be8887d20688 internalUser257
16:20:55.638 [Test worker] DEBUG tourGuide.service.TourGuideService - User : 6ee07f71-5465-4f40-b095-6254ffbe2e07 internalUser258
16:20:55.638 [Test worker] DEBUG tourGuide.service.TourGuideService - User : f62a67af-1ae7-4fe2-a2a9-40a2746f7ba4 internalUser259
16:20:55.638 [Test worker] DEBUG tourGuide.service.TourGuideService - User : 4927d88a-95df-483c-9bbd-63266f8c64b3 internalUser260
16:20:55.638 [Test worker] DEBUG tourGuide.service.TourGuideService - User : f3d80277-bc06-4442-9160-1308fa645cac internalUser261
16:20:55.638 [Test worker] DEBUG tourGuide.service.TourGuideService - User : 7f65302d-bcdb-4289-9479-db756153a93d internalUser262
16:20:55.640 [Test worker] DEBUG tourGuide.service.TourGuideService - User : 5f575a47-3844-44b3-a257-e97f4ddf447a internalUser263
16:20:55.640 [Test worker] DEBUG tourGuide.service.TourGuideService - User : ddf686eb-552e-45e8-b01c-afdec77e924a internalUser264
16:20:55.640 [Test worker] DEBUG tourGuide.service.TourGuideService - User : 46c5dd64-db50-44f4-9204-98a848326cbd internalUser265
16:20:55.640 [Test worker] DEBUG tourGuide.service.TourGuideService - User : d7c90535-dc50-4d11-9d99-2294c2e1d149 internalUser266
16:20:55.640 [Test worker] DEBUG tourGuide.service.TourGuideService - User : 9550b34d-8cb6-4e9f-a2c0-81177376dbc8 internalUser267
16:20:55.640 [Test worker] DEBUG tourGuide.service.TourGuideService - User : fc4f5864-da49-445d-b9bd-0b53c570dd04 internalUser268
16:20:55.640 [Test worker] DEBUG tourGuide.service.TourGuideService - User : a9cee275-e361-48a5-921b-d4da1683aeeb internalUser269
16:20:55.640 [Test worker] DEBUG tourGuide.service.TourGuideService - User : af80ee1c-82d4-463d-852c-6e4686fb12d0 internalUser270
16:20:55.640 [Test worker] DEBUG tourGuide.service.TourGuideService - User : 618c77f8-bec3-4c03-b264-aec712847a76 internalUser271
16:20:55.640 [Test worker] DEBUG tourGuide.service.TourGuideService - User : e125ad59-62ce-426b-9a67-9b54315fe7a0 internalUser272
16:20:55.640 [Test worker] DEBUG tourGuide.service.TourGuideService - User : 265fb376-f304-435f-8e0a-7405b99fdb95 internalUser273
16:20:55.640 [Test worker] DEBUG tourGuide.service.TourGuideService - User : 459fb574-6a96-4109-b929-8fcd5111e778 internalUser274
16:20:55.640 [Test worker] DEBUG tourGuide.service.TourGuideService - User : 70165f29-7b0c-402c-9b0d-7dcb49626be9 internalUser275
16:20:55.640 [Test worker] DEBUG tourGuide.service.TourGuideService - User : 9881b15f-04cb-4823-af8a-15a9ece579a3 internalUser276
16:20:55.640 [Test worker] DEBUG tourGuide.service.TourGuideService - User : 5ccdb4fd-daf7-457d-b09a-7fec62e89c76 internalUser277
16:20:55.640 [Test worker] DEBUG tourGuide.service.TourGuideService - User : 3b3634d6-6108-4621-9ca1-9158f65841bd internalUser278
16:20:55.640 [Test worker] DEBUG tourGuide.service.TourGuideService - User : f8985f90-c581-49b6-a790-f03fcc0ac58c internalUser279
16:20:55.640 [Test worker] DEBUG tourGuide.service.TourGuideService - User : 4c3a041d-0822-433f-bc20-1b3b4e34a4dc internalUser280
16:20:55.652 [Test worker] DEBUG tourGuide.service.TourGuideService - User : ae2af6ea-f994-4a14-ac77-c846676b6c4e internalUser281
16:20:55.652 [Test worker] DEBUG tourGuide.service.TourGuideService - User : 7bd0cc06-b6ad-498a-b865-a7a07e372e2d internalUser282
16:20:55.652 [Test worker] DEBUG tourGuide.service.TourGuideService - User : 83bcdfb3-1c55-4efb-9eb1-b02269246f53 internalUser283
16:20:55.652 [Test worker] DEBUG tourGuide.service.TourGuideService - User : cf43edcb-6f77-4807-9de3-10aa47c1e0e6 internalUser284
16:20:55.652 [Test worker] DEBUG tourGuide.service.TourGuideService - User : a6e9f270-7b8c-4cbf-889d-135ff9b20f59 internalUser285
16:20:55.652 [Test worker] DEBUG tourGuide.service.TourGuideService - User : 1fc5defd-ae3c-42ea-847e-1bcfbb084324 internalUser286
16:20:55.652 [Test worker] DEBUG tourGuide.service.TourGuideService - User : bd636ee1-f52e-4cf2-9eee-4e604c969b07 internalUser287
16:20:55.652 [Test worker] DEBUG tourGuide.service.TourGuideService - User : 8f102958-008b-4731-9743-c7805e8e77de internalUser288
16:20:55.652 [Test worker] DEBUG tourGuide.service.TourGuideService - User : 493e889e-1fa5-4a4c-90c5-706bc66e2eae internalUser289
16:20:55.652 [Test worker] DEBUG tourGuide.service.TourGuideService - User : c1a47f7e-9614-4756-9c80-760e8b02c09e internalUser290
16:20:55.652 [Test worker] DEBUG tourGuide.service.TourGuideService - User : 9f35bdad-15b3-4d2b-a230-a82eaaa85400 internalUser291
16:20:55.652 [Test worker] DEBUG tourGuide.service.TourGuideService - User : 0dd77f0a-6a0c-4547-a4c7-7c2d5c332c06 internalUser292
16:20:55.652 [Test worker] DEBUG tourGuide.service.TourGuideService - User : 3c02e792-cdef-4618-8820-08b0e1f459c9 internalUser293
16:20:55.652 [Test worker] DEBUG tourGuide.service.TourGuideService - User : babe1268-2db3-4aa5-98fd-d575869eab4a internalUser294
16:20:55.652 [Test worker] DEBUG tourGuide.service.TourGuideService - User : 2a6ff1b8-5f89-4888-8ae4-cd3f4191c3ee internalUser295
16:20:55.652 [Test worker] DEBUG tourGuide.service.TourGuideService - User : 1100c44f-bd07-41d1-8ee0-6ecd8c787ccc internalUser296
16:20:55.652 [Test worker] DEBUG tourGuide.service.TourGuideService - User : f2e6d02f-fbef-40c5-8802-a97591554f33 internalUser297
16:20:55.652 [Test worker] DEBUG tourGuide.service.TourGuideService - User : 1ba93507-c662-402f-a81d-c4f37bf2e661 internalUser298
16:20:55.652 [Test worker] DEBUG tourGuide.service.TourGuideService - User : ad8d6973-ce49-4fe4-b9d3-6cf7da6808ef internalUser299
16:20:55.652 [Test worker] DEBUG tourGuide.service.TourGuideService - User : 138c6f8a-29d5-4c9f-9925-9ff465bc6091 internalUser300
16:20:55.652 [Test worker] DEBUG tourGuide.service.TourGuideService - User : c9cb7ac0-eab9-4732-b608-16fdbe387c0c internalUser301
16:20:55.652 [Test worker] DEBUG tourGuide.service.TourGuideService - User : 039526ef-c5d6-4e31-b8f4-1660880cc506 internalUser302
16:20:55.652 [Test worker] DEBUG tourGuide.service.TourGuideService - User : 0052556e-f342-4464-bc9f-cc0841cdfce8 internalUser303
16:20:55.652 [Test worker] DEBUG tourGuide.service.TourGuideService - User : 4cebb601-9cdb-4285-bab7-eb4314940f48 internalUser304
16:20:55.652 [Test worker] DEBUG tourGuide.service.TourGuideService - User : 984c5b2a-5e88-49a5-a6cc-5bec51d71a45 internalUser305
16:20:55.652 [Test worker] DEBUG tourGuide.service.TourGuideService - User : 8a97a1bb-9e42-439b-a612-725b9a4d4c34 internalUser306
16:20:55.652 [Test worker] DEBUG tourGuide.service.TourGuideService - User : 7bb0b837-3899-4394-8f2e-adbc51bb5f38 internalUser307
16:20:55.652 [Test worker] DEBUG tourGuide.service.TourGuideService - User : adea5eb4-a127-480e-bcff-a2b6ee3d7cc5 internalUser308
16:20:55.652 [Test worker] DEBUG tourGuide.service.TourGuideService - User : 774eb48f-c3e6-4e4c-aaa4-37be2695e3f6 internalUser309
16:20:55.652 [Test worker] DEBUG tourGuide.service.TourGuideService - User : 59198746-c47b-4573-bae5-c8786303b2f0 internalUser310
16:20:55.652 [Test worker] DEBUG tourGuide.service.TourGuideService - User : 3cfafef5-dbf9-42fe-a95a-7726ff20ecc2 internalUser311
16:20:55.652 [Test worker] DEBUG tourGuide.service.TourGuideService - User : 1f6d13b8-686d-4619-874e-e24196eeef52 internalUser312
16:20:55.652 [Test worker] DEBUG tourGuide.service.TourGuideService - User : 070d0442-c589-4750-a650-f258f6f5eb98 internalUser313
16:20:55.652 [Test worker] DEBUG tourGuide.service.TourGuideService - User : 8c47690b-c3a9-4da3-b029-3678dcd01281 internalUser314
16:20:55.660 [Test worker] DEBUG tourGuide.service.TourGuideService - User : 77496a90-394e-47ca-8582-73de2f545937 internalUser315
16:20:55.660 [Test worker] DEBUG tourGuide.service.TourGuideService - User : 1d14f7ae-7b9f-46da-a2da-32e0d8a7ab00 internalUser316
16:20:55.660 [Test worker] DEBUG tourGuide.service.TourGuideService - User : 4a87953a-839d-43c0-9ed8-b667b3f1b32f internalUser317
16:20:55.660 [Test worker] DEBUG tourGuide.service.TourGuideService - User : 0eff4380-fafc-4244-afeb-ad30f912092a internalUser318
16:20:55.660 [Test worker] DEBUG tourGuide.service.TourGuideService - User : 333651b7-2c75-4dd2-90f1-7294f9d68dbf internalUser319
16:20:55.660 [Test worker] DEBUG tourGuide.service.TourGuideService - User : e021c3cb-d307-4648-8a79-4228a0131856 internalUser320
16:20:55.660 [Test worker] DEBUG tourGuide.service.TourGuideService - User : 4ae15fee-7db2-432e-90f6-34acca54bf46 internalUser321
16:20:55.660 [Test worker] DEBUG tourGuide.service.TourGuideService - User : f6dd65a3-f93a-4930-b89a-c81320a5f36a internalUser322
16:20:55.660 [Test worker] DEBUG tourGuide.service.TourGuideService - User : f5702a1b-c930-4ee7-bdc2-8af086d867f6 internalUser323
16:20:55.660 [Test worker] DEBUG tourGuide.service.TourGuideService - User : 5777fe0e-a96f-455b-8f7e-342384a2155a internalUser324
16:20:55.662 [Test worker] DEBUG tourGuide.service.TourGuideService - User : 10133ad7-d316-44ef-9a8e-9241feded4c4 internalUser325
16:20:55.662 [Test worker] DEBUG tourGuide.service.TourGuideService - User : b4189be9-dd51-4860-9af5-dd73aed47f34 internalUser326
16:20:55.662 [Test worker] DEBUG tourGuide.service.TourGuideService - User : 01b5a718-21fc-42b8-abfb-1deecf834608 internalUser327
16:20:55.662 [Test worker] DEBUG tourGuide.service.TourGuideService - User : 7e50b9be-a780-485b-a66a-2a6ecb6f1f5a internalUser328
16:20:55.662 [Test worker] DEBUG tourGuide.service.TourGuideService - User : cd164c00-4d8a-454b-a7cd-849ed896fded internalUser329
16:20:55.662 [Test worker] DEBUG tourGuide.service.TourGuideService - User : 1f90a485-c6c4-447d-820a-87357fc166c4 internalUser330
16:20:55.662 [Test worker] DEBUG tourGuide.service.TourGuideService - User : ed5d59c3-0781-42f6-920e-2af087402bef internalUser331
16:20:55.662 [Test worker] DEBUG tourGuide.service.TourGuideService - User : 29f67132-8779-4119-9873-2f8d55f5446c internalUser332
16:20:55.662 [Test worker] DEBUG tourGuide.service.TourGuideService - User : eaf9ceed-31d1-4a66-b181-0e2c1916eb45 internalUser333
16:20:55.662 [Test worker] DEBUG tourGuide.service.TourGuideService - User : 59fd4805-7163-46d9-9ba4-ea218d9aa69b internalUser334
16:20:55.662 [Test worker] DEBUG tourGuide.service.TourGuideService - User : 5ec63eef-434d-4855-949c-45a51061e11d internalUser335
16:20:55.662 [Test worker] DEBUG tourGuide.service.TourGuideService - User : 4436f3f1-5b58-4392-a0e1-4d8aaabb57db internalUser336
16:20:55.662 [Test worker] DEBUG tourGuide.service.TourGuideService - User : 460f797b-b480-4087-866f-8a2eeda8f84b internalUser337
16:20:55.662 [Test worker] DEBUG tourGuide.service.TourGuideService - User : ec4e2fe9-926e-4721-b969-faf6572df302 internalUser338
16:20:55.662 [Test worker] DEBUG tourGuide.service.TourGuideService - User : 043470f9-24bb-4b44-a8f2-2a45e338e3b4 internalUser339
16:20:55.662 [Test worker] DEBUG tourGuide.service.TourGuideService - User : 9005aaee-6c7d-42f1-8e92-52aadc62d338 internalUser340
16:20:55.662 [Test worker] DEBUG tourGuide.service.TourGuideService - User : b11a49f3-78bc-42d1-9233-80014e9cde30 internalUser341
16:20:55.662 [Test worker] DEBUG tourGuide.service.TourGuideService - User : 22cec836-9529-4b62-8db0-a1b2e82c234d internalUser342
16:20:55.662 [Test worker] DEBUG tourGuide.service.TourGuideService - User : a21be077-78dd-4243-a14f-40d4e925730c internalUser343
16:20:55.662 [Test worker] DEBUG tourGuide.service.TourGuideService - User : 54c1409c-9f56-4d59-a3d8-847a905e2606 internalUser344
16:20:55.662 [Test worker] DEBUG tourGuide.service.TourGuideService - User : 6198b2ae-4b31-4e5c-96c6-74a996ce0008 internalUser345
16:20:55.662 [Test worker] DEBUG tourGuide.service.TourGuideService - User : 4e142e99-b1db-4ca0-808d-2ffc32f8d96e internalUser346
16:20:55.662 [Test worker] DEBUG tourGuide.service.TourGuideService - User : 01683203-86c1-47c9-85d9-19b1e770231e internalUser347
16:20:55.662 [Test worker] DEBUG tourGuide.service.TourGuideService - User : 4dda1f3d-1165-4cd2-b2ab-50a97dedeb1b internalUser348
16:20:55.662 [Test worker] DEBUG tourGuide.service.TourGuideService - User : 561233c3-4e4d-441d-8734-4e576246a3ee internalUser349
16:20:55.662 [Test worker] DEBUG tourGuide.service.TourGuideService - User : b45e9b51-128c-4daa-898e-af646a1469fd internalUser350
16:20:55.662 [Test worker] DEBUG tourGuide.service.TourGuideService - User : 8f8aea30-a8e7-465e-a4ea-ed72774d60f7 internalUser351
16:20:55.662 [Test worker] DEBUG tourGuide.service.TourGuideService - User : 3d4ab8e1-af00-4910-bd50-5da7c80e7372 internalUser352
16:20:55.662 [Test worker] DEBUG tourGuide.service.TourGuideService - User : 770eb937-3cb7-4f20-81aa-d38af14c3a1c internalUser353
16:20:55.662 [Test worker] DEBUG tourGuide.service.TourGuideService - User : 15408574-d0ab-4c23-9a7d-61cfdafae24b internalUser354
16:20:55.670 [Test worker] DEBUG tourGuide.service.TourGuideService - User : fa36de2c-2f70-4587-aaca-8b3da5b4f5c4 internalUser355
16:20:55.670 [Test worker] DEBUG tourGuide.service.TourGuideService - User : 714c68cb-430a-45cf-8713-30f2333e403b internalUser356
16:20:55.670 [Test worker] DEBUG tourGuide.service.TourGuideService - User : 6d33ce24-2eb3-4fd8-aab8-fe5d501cd54e internalUser357
16:20:55.670 [Test worker] DEBUG tourGuide.service.TourGuideService - User : ce4ee6fd-62a5-4306-a3ac-b320def47d68 internalUser358
16:20:55.670 [Test worker] DEBUG tourGuide.service.TourGuideService - User : 6c701b81-c2c0-48cb-aa0e-2838203c8180 internalUser359
16:20:55.670 [Test worker] DEBUG tourGuide.service.TourGuideService - User : 1818c0ef-8d08-4817-a62a-a47809f055f1 internalUser360
16:20:55.670 [Test worker] DEBUG tourGuide.service.TourGuideService - User : 74ba0ed0-c727-4fe3-8340-9a180f6ac592 internalUser361
16:20:55.672 [Test worker] DEBUG tourGuide.service.TourGuideService - User : 7482eb39-1e7f-466d-a91b-e4f2a8d34959 internalUser362
16:20:55.672 [Test worker] DEBUG tourGuide.service.TourGuideService - User : 61bb8649-91ae-41aa-a940-fc9bcc16ec0f internalUser363
16:20:55.672 [Test worker] DEBUG tourGuide.service.TourGuideService - User : 1c08d288-282c-4139-a163-8e37e7e1d092 internalUser364
16:20:55.672 [Test worker] DEBUG tourGuide.service.TourGuideService - User : 319f43cd-7424-42be-a6ea-581a9bd4df94 internalUser365
16:20:55.672 [Test worker] DEBUG tourGuide.service.TourGuideService - User : 9c3d7d77-e50d-427b-9adf-4d5f63b10725 internalUser366
16:20:55.672 [Test worker] DEBUG tourGuide.service.TourGuideService - User : 380699c5-f464-407b-8179-3ea3dcf7a1a4 internalUser367
16:20:55.672 [Test worker] DEBUG tourGuide.service.TourGuideService - User : 6737cf07-a5a1-4170-8848-2729300406ec internalUser368
16:20:55.672 [Test worker] DEBUG tourGuide.service.TourGuideService - User : dfcb5367-ee74-4f64-a4c5-2293aa086fbd internalUser369
16:20:55.672 [Test worker] DEBUG tourGuide.service.TourGuideService - User : 9a9470ce-f50b-4fdf-9114-5e9485dcba50 internalUser370
16:20:55.672 [Test worker] DEBUG tourGuide.service.TourGuideService - User : cbb3bf71-a5b8-4112-be6c-ced6cfd7a77d internalUser371
16:20:55.672 [Test worker] DEBUG tourGuide.service.TourGuideService - User : 6d870714-5bb9-47b4-945f-3412ec2db685 internalUser372
16:20:55.672 [Test worker] DEBUG tourGuide.service.TourGuideService - User : 050d8c95-e9e3-4371-9d7c-4a549474c619 internalUser373
16:20:55.672 [Test worker] DEBUG tourGuide.service.TourGuideService - User : 6ec0748e-9fc8-421e-8a5d-d05a1f47a68f internalUser374
16:20:55.672 [Test worker] DEBUG tourGuide.service.TourGuideService - User : 55d86cd0-32be-4b00-888c-ae12053d5f42 internalUser375
16:20:55.672 [Test worker] DEBUG tourGuide.service.TourGuideService - User : 31eff80d-7077-425b-91d8-c68ad6931481 internalUser376
16:20:55.672 [Test worker] DEBUG tourGuide.service.TourGuideService - User : a2fb32a9-7d8a-462e-b501-4b44c68cc55a internalUser377
16:20:55.672 [Test worker] DEBUG tourGuide.service.TourGuideService - User : 58441ea5-2075-4205-a769-cffa98f5d981 internalUser378
16:20:55.672 [Test worker] DEBUG tourGuide.service.TourGuideService - User : 4647fb69-b6b8-4a68-9fca-f04a96a6a76f internalUser379
16:20:55.672 [Test worker] DEBUG tourGuide.service.TourGuideService - User : 45dd6d8f-e2ed-4738-9f4b-a574fb119538 internalUser380
16:20:55.672 [Test worker] DEBUG tourGuide.service.TourGuideService - User : 3f5cc452-fae7-4954-a8a0-f93e2a925177 internalUser381
16:20:55.672 [Test worker] DEBUG tourGuide.service.TourGuideService - User : 1f2e061d-1b91-45ff-a68e-89ef493cacaf internalUser382
16:20:55.672 [Test worker] DEBUG tourGuide.service.TourGuideService - User : 5d264a1c-8414-43e9-a2f5-4087d48a8772 internalUser383
16:20:55.680 [Test worker] DEBUG tourGuide.service.TourGuideService - User : e8ab3c39-0915-4dab-90e7-ab585897479c internalUser384
16:20:55.682 [Test worker] DEBUG tourGuide.service.TourGuideService - User : 4542a4dc-4118-4afe-a56a-589a652072b5 internalUser385
16:20:55.682 [Test worker] DEBUG tourGuide.service.TourGuideService - User : 51fe4e1f-31d6-4b8d-9277-2daef986c8a0 internalUser386
16:20:55.682 [Test worker] DEBUG tourGuide.service.TourGuideService - User : d77e05d1-4ffa-4f8a-8106-6f5f180123f8 internalUser387
16:20:55.682 [Test worker] DEBUG tourGuide.service.TourGuideService - User : 124acf00-2437-4e90-a30c-050cb81e11af internalUser388
16:20:55.682 [Test worker] DEBUG tourGuide.service.TourGuideService - User : bbfdcf19-7e6b-4351-a192-4cb94d1bb2bc internalUser389
16:20:55.682 [Test worker] DEBUG tourGuide.service.TourGuideService - User : 8139f0c7-a954-41ac-b3e7-07c50fa7863c internalUser390
16:20:55.682 [Test worker] DEBUG tourGuide.service.TourGuideService - User : 2593f1ea-3611-4bde-a95d-09c086522cec internalUser391
16:20:55.682 [Test worker] DEBUG tourGuide.service.TourGuideService - User : 93976f2d-52b0-4695-b601-f15ea28a7be7 internalUser392
16:20:55.682 [Test worker] DEBUG tourGuide.service.TourGuideService - User : d6536230-6a2e-4554-9b25-29d4c39d3d7e internalUser393
16:20:55.682 [Test worker] DEBUG tourGuide.service.TourGuideService - User : 406c7446-2af6-482a-a266-0b69a2fe4bc8 internalUser394
16:20:55.682 [Test worker] DEBUG tourGuide.service.TourGuideService - User : 0521902b-ac73-4cc7-bf38-576c8774eb99 internalUser395
16:20:55.682 [Test worker] DEBUG tourGuide.service.TourGuideService - User : 604515cb-34a3-43b3-8955-3618c5c8b337 internalUser396
16:20:55.682 [Test worker] DEBUG tourGuide.service.TourGuideService - User : 9865051e-c99f-43fb-aedd-1d451b05af3d internalUser397
16:20:55.682 [Test worker] DEBUG tourGuide.service.TourGuideService - User : a3080be5-87d5-4f70-9d0b-2568fc33d1b1 internalUser398
16:20:55.682 [Test worker] DEBUG tourGuide.service.TourGuideService - User : c0e80da6-9fe3-4df2-89ba-d363ce37cc68 internalUser399
16:20:55.682 [Test worker] DEBUG tourGuide.service.TourGuideService - User : f3ff80d2-589f-4f47-808b-c62fdc025859 internalUser400
16:20:55.682 [Test worker] DEBUG tourGuide.service.TourGuideService - User : 8a724572-3601-4b1c-91e9-c91a14e46f3f internalUser401
16:20:55.682 [Test worker] DEBUG tourGuide.service.TourGuideService - User : 3620ec89-e362-43b6-ad79-2e19f4ac3ab4 internalUser402
16:20:55.682 [Test worker] DEBUG tourGuide.service.TourGuideService - User : f03a511a-532e-4a0f-9577-f83aaa18a2bd internalUser403
16:20:55.682 [Test worker] DEBUG tourGuide.service.TourGuideService - User : e9b0e167-9a00-4dc2-a330-90bdacb979ff internalUser404
16:20:55.682 [Test worker] DEBUG tourGuide.service.TourGuideService - User : bc379cb2-6dba-450e-9d15-e90d3081931e internalUser405
16:20:55.682 [Test worker] DEBUG tourGuide.service.TourGuideService - User : fd9a4c87-ef29-412e-a92c-7fde301e9bb3 internalUser406
16:20:55.682 [Test worker] DEBUG tourGuide.service.TourGuideService - User : c09c529e-124f-425b-8869-f544a35ae9d7 internalUser407
16:20:55.682 [Test worker] DEBUG tourGuide.service.TourGuideService - User : 69cf1d28-66d7-4fc8-824c-37f9e2c0d50a internalUser408
16:20:55.682 [Test worker] DEBUG tourGuide.service.TourGuideService - User : 70793e97-a089-4a8f-a1a1-da03fad40e55 internalUser409
16:20:55.682 [Test worker] DEBUG tourGuide.service.TourGuideService - User : d974eeb9-1ef7-4ac4-9e74-cc3009a70839 internalUser410
16:20:55.682 [Test worker] DEBUG tourGuide.service.TourGuideService - User : 734171c9-1444-4636-a393-99b336729ac4 internalUser411
16:20:55.682 [Test worker] DEBUG tourGuide.service.TourGuideService - User : fef1d44d-5ccb-439c-95c5-2d33b1ef15de internalUser412
16:20:55.682 [Test worker] DEBUG tourGuide.service.TourGuideService - User : c73d1e39-7f5e-4d1a-8c8f-3c9e59c9aab5 internalUser413
16:20:55.682 [Test worker] DEBUG tourGuide.service.TourGuideService - User : e4397699-817c-4717-82b0-c1c3119228c5 internalUser414
16:20:55.682 [Test worker] DEBUG tourGuide.service.TourGuideService - User : 285eaf18-2438-4358-a758-2b75d557f5b3 internalUser415
16:20:55.682 [Test worker] DEBUG tourGuide.service.TourGuideService - User : 488734ef-58d9-4a27-9b5b-1f7b052695c8 internalUser416
16:20:55.682 [Test worker] DEBUG tourGuide.service.TourGuideService - User : 4f1d5a0a-13d6-49bb-9a63-1759c7a30bf9 internalUser417
16:20:55.682 [Test worker] DEBUG tourGuide.service.TourGuideService - User : 277c7b68-d758-498f-ad3d-22c9ada303ea internalUser418
16:20:55.682 [Test worker] DEBUG tourGuide.service.TourGuideService - User : 12f86beb-1b08-4de1-94f2-f12ae7aec6a9 internalUser419
16:20:55.682 [Test worker] DEBUG tourGuide.service.TourGuideService - User : 0f8f3ffd-2c6a-4de8-b34b-72312034c87f internalUser420
16:20:55.682 [Test worker] DEBUG tourGuide.service.TourGuideService - User : 71ce4ce1-a1b6-457c-9692-44e430a5c64c internalUser421
16:20:55.682 [Test worker] DEBUG tourGuide.service.TourGuideService - User : 4a7d0860-7326-4ab1-9357-3dcdbab9704e internalUser422
16:20:55.682 [Test worker] DEBUG tourGuide.service.TourGuideService - User : 767664ad-921d-4bb4-9e14-5ff53f1dab08 internalUser423
16:20:55.682 [Test worker] DEBUG tourGuide.service.TourGuideService - User : d5f79df6-c0e9-4a75-bdf1-9b4cfb095dfd internalUser424
16:20:55.682 [Test worker] DEBUG tourGuide.service.TourGuideService - User : a840abeb-dd0c-446c-838e-3393fe907e2c internalUser425
16:20:55.682 [Test worker] DEBUG tourGuide.service.TourGuideService - User : d6dfcb6a-6c9c-42cb-981f-4dfc3f4e802b internalUser426
16:20:55.682 [Test worker] DEBUG tourGuide.service.TourGuideService - User : 385af8ff-d9e4-4864-952b-63ee8d111a16 internalUser427
16:20:55.682 [Test worker] DEBUG tourGuide.service.TourGuideService - User : b6be0fdf-1fb6-409e-b842-952924a0a2dc internalUser428
16:20:55.682 [Test worker] DEBUG tourGuide.service.TourGuideService - User : 108305cf-396f-4eb5-a919-14e503af9e50 internalUser429
16:20:55.682 [Test worker] DEBUG tourGuide.service.TourGuideService - User : 125ca0c5-09bc-470d-b92e-146b171f170d internalUser430
16:20:55.690 [Test worker] DEBUG tourGuide.service.TourGuideService - User : 69958dca-cd12-4a34-9e05-0ccd81449ec1 internalUser431
16:20:55.690 [Test worker] DEBUG tourGuide.service.TourGuideService - User : 5cb7fabd-e9e3-4651-bc26-2edd5018bd3d internalUser432
16:20:55.690 [Test worker] DEBUG tourGuide.service.TourGuideService - User : a83f3291-fbd7-465c-97d5-7b71d3013c85 internalUser433
16:20:55.690 [Test worker] DEBUG tourGuide.service.TourGuideService - User : b70069d1-aa0d-431d-a238-abf8efc36f49 internalUser434
16:20:55.690 [Test worker] DEBUG tourGuide.service.TourGuideService - User : 800c7514-ffd7-48d0-8f00-f12552d60986 internalUser435
16:20:55.690 [Test worker] DEBUG tourGuide.service.TourGuideService - User : 93d8c445-0601-406b-bd0e-1ab8712fb1b2 internalUser436
16:20:55.692 [Test worker] DEBUG tourGuide.service.TourGuideService - User : c97b840c-c595-4cbe-944c-fa09905c5071 internalUser437
16:20:55.692 [Test worker] DEBUG tourGuide.service.TourGuideService - User : 26d814b0-4bd1-49eb-9eaa-cc4fe4726f55 internalUser438
16:20:55.692 [Test worker] DEBUG tourGuide.service.TourGuideService - User : bedef292-dcfb-4691-83f0-263c5d7864a4 internalUser439
16:20:55.692 [Test worker] DEBUG tourGuide.service.TourGuideService - User : 20701a3b-1e62-427d-b80e-3b41b6cba9b9 internalUser440
16:20:55.692 [Test worker] DEBUG tourGuide.service.TourGuideService - User : 1ac7b067-ebe8-4f8b-a789-ca8ce2ab6207 internalUser441
16:20:55.692 [Test worker] DEBUG tourGuide.service.TourGuideService - User : 432ff001-24ce-4178-898a-f294bb1fc8f6 internalUser442
16:20:55.692 [Test worker] DEBUG tourGuide.service.TourGuideService - User : 415bff14-f272-4b7e-971a-e55d02020112 internalUser443
16:20:55.692 [Test worker] DEBUG tourGuide.service.TourGuideService - User : eb66bc5a-7766-4029-8dd3-ec06c3184a73 internalUser444
16:20:55.692 [Test worker] DEBUG tourGuide.service.TourGuideService - User : 3f4c6c98-03c5-4b2e-8b64-0e69e6054c45 internalUser445
16:20:55.692 [Test worker] DEBUG tourGuide.service.TourGuideService - User : 3c4e9de6-cc2c-42e4-b5a8-4e9f85fa746b internalUser446
16:20:55.692 [Test worker] DEBUG tourGuide.service.TourGuideService - User : 44ff3b62-6f26-4692-9821-0bcf096647af internalUser447
16:20:55.692 [Test worker] DEBUG tourGuide.service.TourGuideService - User : a606422d-aae0-43a5-908e-83a158460868 internalUser448
16:20:55.692 [Test worker] DEBUG tourGuide.service.TourGuideService - User : 338963e0-f120-4021-9244-dd333e9762ae internalUser449
16:20:55.692 [Test worker] DEBUG tourGuide.service.TourGuideService - User : fd42ab39-244e-4f8e-9832-6c8150eae830 internalUser450
16:20:55.692 [Test worker] DEBUG tourGuide.service.TourGuideService - User : 7612a98e-8022-45d4-8d89-744ef9fefbf6 internalUser451
16:20:55.692 [Test worker] DEBUG tourGuide.service.TourGuideService - User : 485d1e40-0e61-4d65-890f-d741d82ea6e8 internalUser452
16:20:55.692 [Test worker] DEBUG tourGuide.service.TourGuideService - User : eacf84ac-45f1-4acf-b531-a49376525bf7 internalUser453
16:20:55.692 [Test worker] DEBUG tourGuide.service.TourGuideService - User : b8c6d037-6fda-4c7b-9fff-57f0251ac488 internalUser454
16:20:55.692 [Test worker] DEBUG tourGuide.service.TourGuideService - User : de7ed279-2537-4e37-9696-e23aee1d9033 internalUser455
16:20:55.692 [Test worker] DEBUG tourGuide.service.TourGuideService - User : 6f542e50-5b07-4bb8-a12d-895a0d0c537f internalUser456
16:20:55.692 [Test worker] DEBUG tourGuide.service.TourGuideService - User : b938e9f4-d1a0-4804-a1f9-86b6cd20a6c2 internalUser457
16:20:55.692 [Test worker] DEBUG tourGuide.service.TourGuideService - User : e083f825-0f76-4b63-9f49-f0403171444f internalUser458
16:20:55.692 [Test worker] DEBUG tourGuide.service.TourGuideService - User : 167a1abc-3e7b-4a58-9d10-03e42a22a4ad internalUser459
16:20:55.692 [Test worker] DEBUG tourGuide.service.TourGuideService - User : dc71a453-5331-4957-a316-408d7d26a536 internalUser460
16:20:55.692 [Test worker] DEBUG tourGuide.service.TourGuideService - User : 616a1681-66cf-42f3-abdc-0af1995bd078 internalUser461
16:20:55.692 [Test worker] DEBUG tourGuide.service.TourGuideService - User : 18889a69-bcaf-446c-9aa4-04a004ee96d4 internalUser462
16:20:55.692 [Test worker] DEBUG tourGuide.service.TourGuideService - User : 72ea75b1-0866-482a-a427-e67a5c1f8e32 internalUser463
16:20:55.692 [Test worker] DEBUG tourGuide.service.TourGuideService - User : 45d81bac-682e-4d36-b6e9-5b9c38e19089 internalUser464
16:20:55.692 [Test worker] DEBUG tourGuide.service.TourGuideService - User : 885a30f7-4073-42aa-8d0b-edbacddd7e4d internalUser465
16:20:55.692 [Test worker] DEBUG tourGuide.service.TourGuideService - User : bafd6573-2bc2-497d-a978-c04cbcc57a00 internalUser466
16:20:55.692 [Test worker] DEBUG tourGuide.service.TourGuideService - User : c18001ee-ae46-414b-8034-4d12b0f10fbf internalUser467
16:20:55.692 [Test worker] DEBUG tourGuide.service.TourGuideService - User : 00d074d9-55ac-4bee-8774-8289541d2908 internalUser468
16:20:55.692 [Test worker] DEBUG tourGuide.service.TourGuideService - User : 21db7f94-b136-4dc9-b9f1-14b516c00466 internalUser469
16:20:55.692 [Test worker] DEBUG tourGuide.service.TourGuideService - User : f04c318c-9a11-497e-9e99-4d6421b56c52 internalUser470
16:20:55.692 [Test worker] DEBUG tourGuide.service.TourGuideService - User : faffc34b-2c9d-4b0b-92aa-d038da7c3c30 internalUser471
16:20:55.692 [Test worker] DEBUG tourGuide.service.TourGuideService - User : 757217d3-87ec-4c99-bea6-2d0b0f0adc3d internalUser472
16:20:55.692 [Test worker] DEBUG tourGuide.service.TourGuideService - User : 3b2d7425-c45c-4cd0-9a27-5af68a37f446 internalUser473
16:20:55.692 [Test worker] DEBUG tourGuide.service.TourGuideService - User : 51b935b3-1f96-4f47-8469-a9ce28b011ce internalUser474
16:20:55.692 [Test worker] DEBUG tourGuide.service.TourGuideService - User : 566de5f9-ac1b-4d43-9d30-10dfe8adfd9a internalUser475
16:20:55.700 [Test worker] DEBUG tourGuide.service.TourGuideService - User : cef27e3a-6b68-4021-a556-32c201bc9085 internalUser476
16:20:55.700 [Test worker] DEBUG tourGuide.service.TourGuideService - User : 7fbde564-1f95-4bda-92a0-9d179db57d38 internalUser477
16:20:55.700 [Test worker] DEBUG tourGuide.service.TourGuideService - User : ed70a686-adb6-4856-8297-a8ca8544cc50 internalUser478
16:20:55.700 [Test worker] DEBUG tourGuide.service.TourGuideService - User : acd54c93-be0a-40c5-9181-38a9d7085053 internalUser479
16:20:55.700 [Test worker] DEBUG tourGuide.service.TourGuideService - User : ceaf4529-9cc8-4223-938b-c7ed5314458d internalUser480
16:20:55.700 [Test worker] DEBUG tourGuide.service.TourGuideService - User : 63b5326c-c6c9-49bb-916c-390ed759732b internalUser481
16:20:55.700 [Test worker] DEBUG tourGuide.service.TourGuideService - User : c9a94872-ef83-4ab6-b8e7-d0e7308e7d37 internalUser482
16:20:55.700 [Test worker] DEBUG tourGuide.service.TourGuideService - User : 5372faf2-ee03-4841-8be9-dc7601e97058 internalUser483
16:20:55.700 [Test worker] DEBUG tourGuide.service.TourGuideService - User : e66d5502-dbab-467b-94f2-391b1fe790f6 internalUser484
16:20:55.700 [Test worker] DEBUG tourGuide.service.TourGuideService - User : c5a5d5f8-3171-44c9-a7c1-1991d1ccd804 internalUser485
16:20:55.702 [Test worker] DEBUG tourGuide.service.TourGuideService - User : 26dc5b3b-0358-4e5b-b7a1-2b798a6979e7 internalUser486
16:20:55.702 [Test worker] DEBUG tourGuide.service.TourGuideService - User : 8623b158-4c74-4b00-8949-d76bf857f430 internalUser487
16:20:55.702 [Test worker] DEBUG tourGuide.service.TourGuideService - User : 073d4d72-11d2-46e8-82dd-78e4ee6ab497 internalUser488
16:20:55.702 [Test worker] DEBUG tourGuide.service.TourGuideService - User : d5a07074-ceb7-4ddd-8928-e73d770b3ec7 internalUser489
16:20:55.702 [Test worker] DEBUG tourGuide.service.TourGuideService - User : 6ef8768f-1a7a-4afc-86e9-e9b711549f70 internalUser490
16:20:55.702 [Test worker] DEBUG tourGuide.service.TourGuideService - User : b77e94c1-3e24-40ec-a4d3-6731ea9196f3 internalUser491
16:20:55.702 [Test worker] DEBUG tourGuide.service.TourGuideService - User : 7c6dccf4-614c-4730-acfa-6bdc2fe6be66 internalUser492
16:20:55.702 [Test worker] DEBUG tourGuide.service.TourGuideService - User : e94573ec-6a0b-460d-bfc3-d1ce3e30413e internalUser493
16:20:55.702 [Test worker] DEBUG tourGuide.service.TourGuideService - User : 9cae59ff-6362-49db-9afe-1b2fa53057ed internalUser494
16:20:55.702 [Test worker] DEBUG tourGuide.service.TourGuideService - User : 99d2d6c4-f9f9-40c3-ae5f-56b34cd3be7c internalUser495
16:20:55.702 [Test worker] DEBUG tourGuide.service.TourGuideService - User : ffe54cab-bc90-4861-952e-515a9e94e0cf internalUser496
16:20:55.702 [Test worker] DEBUG tourGuide.service.TourGuideService - User : 9ce54995-1be1-4a54-9250-97aed6a106cf internalUser497
16:20:55.702 [Test worker] DEBUG tourGuide.service.TourGuideService - User : 059d0eb0-00c9-486f-a762-9471b1ef1b04 internalUser498
16:20:55.702 [Test worker] DEBUG tourGuide.service.TourGuideService - User : ca4d6e89-44c3-45d4-8ddb-547a55325654 internalUser499
16:20:55.702 [Test worker] DEBUG tourGuide.service.TourGuideService - User : f226748e-2ba5-4fb6-b0f6-4549a6e72f3b internalUser500
16:20:55.702 [Test worker] DEBUG tourGuide.service.TourGuideService - User : 14758a2f-2cf6-42a8-b4d9-f52b0f27d72a internalUser501
16:20:55.702 [Test worker] DEBUG tourGuide.service.TourGuideService - User : 02ea6683-dcf7-40df-a914-c892b00de6fd internalUser502
16:20:55.702 [Test worker] DEBUG tourGuide.service.TourGuideService - User : 3d191f7f-e834-4c5d-b364-d9d11dd85130 internalUser503
16:20:55.702 [Test worker] DEBUG tourGuide.service.TourGuideService - User : f1a7927c-92e7-43ca-869d-2b5b8c81fc9f internalUser504
16:20:55.702 [Test worker] DEBUG tourGuide.service.TourGuideService - User : 861a2806-6964-46bf-9455-7524f487eefb internalUser505
16:20:55.702 [Test worker] DEBUG tourGuide.service.TourGuideService - User : 0ee5898e-bb7e-47e4-a834-3bf572dc5a6e internalUser506
16:20:55.702 [Test worker] DEBUG tourGuide.service.TourGuideService - User : fe6397ea-347a-4ede-8eca-617d184c8339 internalUser507
16:20:55.702 [Test worker] DEBUG tourGuide.service.TourGuideService - User : 34655f29-24af-4c4e-b71d-00e6557bbbc1 internalUser508
16:20:55.702 [Test worker] DEBUG tourGuide.service.TourGuideService - User : 235f733f-5538-430e-981a-c98136fd19fa internalUser509
16:20:55.702 [Test worker] DEBUG tourGuide.service.TourGuideService - User : 2c438358-4d58-49eb-88fa-43a0aa31ceb4 internalUser510
16:20:55.702 [Test worker] DEBUG tourGuide.service.TourGuideService - User : 75acba58-7bd7-4b7d-ad4b-83fc91e91c44 internalUser511
16:20:55.702 [Test worker] DEBUG tourGuide.service.TourGuideService - User : fd2514f0-25f9-44c1-9fff-8445d7e767db internalUser512
16:20:55.702 [Test worker] DEBUG tourGuide.service.TourGuideService - User : 7185f840-6c4c-4c9f-90ca-579aec8b25f5 internalUser513
16:20:55.702 [Test worker] DEBUG tourGuide.service.TourGuideService - User : 16eb5f22-af06-4775-bc96-d4c84474e22e internalUser514
16:20:55.702 [Test worker] DEBUG tourGuide.service.TourGuideService - User : 434d5b94-42e5-4b0d-97e6-8d1859e454c7 internalUser515
16:20:55.702 [Test worker] DEBUG tourGuide.service.TourGuideService - User : 10727b3a-1ce4-4a1a-8501-8d96e93d06ee internalUser516
16:20:55.702 [Test worker] DEBUG tourGuide.service.TourGuideService - User : 15580a58-28e1-4de9-ac59-4aaf1bcb1238 internalUser517
16:20:55.710 [Test worker] DEBUG tourGuide.service.TourGuideService - User : c3a4e6ad-c371-4dac-836f-bd5050a6e977 internalUser518
16:20:55.710 [Test worker] DEBUG tourGuide.service.TourGuideService - User : 9c51611b-098f-4667-8ac1-15a00f96cf5b internalUser519
16:20:55.710 [Test worker] DEBUG tourGuide.service.TourGuideService - User : 005e645d-3736-43dd-a123-6af2aa7149ac internalUser520
16:20:55.710 [Test worker] DEBUG tourGuide.service.TourGuideService - User : f975e416-2f5d-4dd1-8de2-058d46e1555d internalUser521
16:20:55.710 [Test worker] DEBUG tourGuide.service.TourGuideService - User : 6208058a-4f6c-446b-93ff-09456dab02a6 internalUser522
16:20:55.710 [Test worker] DEBUG tourGuide.service.TourGuideService - User : ae7a751d-1b31-4ed9-8d35-20646c39e5a7 internalUser523
16:20:55.710 [Test worker] DEBUG tourGuide.service.TourGuideService - User : b3d55adb-870b-4c06-a73b-c36677beeffc internalUser524
16:20:55.710 [Test worker] DEBUG tourGuide.service.TourGuideService - User : f7bd6315-b5a9-40bd-8e15-5173edd3b85e internalUser525
16:20:55.710 [Test worker] DEBUG tourGuide.service.TourGuideService - User : 6650e142-84f9-4505-9fa5-1861dad2749f internalUser526
16:20:55.710 [Test worker] DEBUG tourGuide.service.TourGuideService - User : 6b90ff44-e58c-4ffd-8859-44af6304ac8a internalUser527
16:20:55.712 [Test worker] DEBUG tourGuide.service.TourGuideService - User : 9a9977d8-5a36-45b1-b0c6-7aeebd21ddd2 internalUser528
16:20:55.712 [Test worker] DEBUG tourGuide.service.TourGuideService - User : afe12726-3410-49e8-ae5b-7e6bd0b103e0 internalUser529
16:20:55.712 [Test worker] DEBUG tourGuide.service.TourGuideService - User : 60d2d88d-e7d6-4687-93de-a3b07059ccde internalUser530
16:20:55.712 [Test worker] DEBUG tourGuide.service.TourGuideService - User : 059d865f-425d-4f58-9718-6d54bdd8a351 internalUser531
16:20:55.712 [Test worker] DEBUG tourGuide.service.TourGuideService - User : 430990b3-d833-4892-8b9f-7f9414d9a690 internalUser532
16:20:55.712 [Test worker] DEBUG tourGuide.service.TourGuideService - User : 62f2da8e-95ff-4c92-b9e1-58dc47a67a9d internalUser533
16:20:55.712 [Test worker] DEBUG tourGuide.service.TourGuideService - User : aee57087-b0b7-472f-b5b3-85810ca94e5a internalUser534
16:20:55.712 [Test worker] DEBUG tourGuide.service.TourGuideService - User : edde4dc1-55f8-4476-aa97-752e595ad541 internalUser535
16:20:55.712 [Test worker] DEBUG tourGuide.service.TourGuideService - User : 36bd7bab-df37-4190-be8d-b64cab525349 internalUser536
16:20:55.712 [Test worker] DEBUG tourGuide.service.TourGuideService - User : 482600fe-4115-4934-a978-4376f893ddc6 internalUser537
16:20:55.712 [Test worker] DEBUG tourGuide.service.TourGuideService - User : 7df8b8b5-a781-4caf-9d47-b885baea87fa internalUser538
16:20:55.712 [Test worker] DEBUG tourGuide.service.TourGuideService - User : f29bc262-b565-402c-9dc0-d0db9910c7a3 internalUser539
16:20:55.712 [Test worker] DEBUG tourGuide.service.TourGuideService - User : c30816a1-3e25-4afc-b724-537abc34c793 internalUser540
16:20:55.712 [Test worker] DEBUG tourGuide.service.TourGuideService - User : 4599a0af-58df-4d3a-9f90-9cca5bdb7337 internalUser541
16:20:55.712 [Test worker] DEBUG tourGuide.service.TourGuideService - User : aa77395a-4c62-4774-8fac-093b6c13058e internalUser542
16:20:55.712 [Test worker] DEBUG tourGuide.service.TourGuideService - User : 47066ac7-ba82-415e-b8d2-24e7d6765c03 internalUser543
16:20:55.712 [Test worker] DEBUG tourGuide.service.TourGuideService - User : 2c9d384f-525e-4807-8447-bdb8830bec23 internalUser544
16:20:55.712 [Test worker] DEBUG tourGuide.service.TourGuideService - User : d7d84607-1556-48f0-b193-370e1f91320e internalUser545
16:20:55.712 [Test worker] DEBUG tourGuide.service.TourGuideService - User : 9ca6f776-486e-4c49-8008-41dade9d7f79 internalUser546
16:20:55.712 [Test worker] DEBUG tourGuide.service.TourGuideService - User : 2eaafb8f-cdb8-432e-879c-2eb1f57dc317 internalUser547
16:20:55.712 [Test worker] DEBUG tourGuide.service.TourGuideService - User : 51915931-fca9-4a37-b8fa-ebdbba87a0f6 internalUser548
16:20:55.712 [Test worker] DEBUG tourGuide.service.TourGuideService - User : c4f8efbf-8be8-40e5-9786-f6ef2c3c5845 internalUser549
16:20:55.712 [Test worker] DEBUG tourGuide.service.TourGuideService - User : 7a3dc19a-e9c4-458c-9993-9ac6aad05618 internalUser550
16:20:55.712 [Test worker] DEBUG tourGuide.service.TourGuideService - User : 2ba13589-8908-4c9d-ab13-1b590a7d0e43 internalUser551
16:20:55.712 [Test worker] DEBUG tourGuide.service.TourGuideService - User : 9a8e20cc-5ba1-4676-aee4-562aa4d96422 internalUser552
16:20:55.712 [Test worker] DEBUG tourGuide.service.TourGuideService - User : b9fad3fe-433b-4182-a712-d6daa6cadcad internalUser553
16:20:55.712 [Test worker] DEBUG tourGuide.service.TourGuideService - User : 6e2e4a0a-c76a-4161-bdf0-aceb0e225317 internalUser554
16:20:55.712 [Test worker] DEBUG tourGuide.service.TourGuideService - User : ea416459-013b-4c94-904d-f12925e07304 internalUser555
16:20:55.712 [Test worker] DEBUG tourGuide.service.TourGuideService - User : 31253142-2476-4ac1-8676-86cf5304d6b0 internalUser556
16:20:55.712 [Test worker] DEBUG tourGuide.service.TourGuideService - User : c27295f6-dfc2-4f5d-a3a6-bdadc987dcd2 internalUser557
16:20:55.712 [Test worker] DEBUG tourGuide.service.TourGuideService - User : cb8f0993-109b-4a7c-b242-3340479f5763 internalUser558
16:20:55.712 [Test worker] DEBUG tourGuide.service.TourGuideService - User : d4b6bdf9-8385-4d8b-b204-2a14d5af6431 internalUser559
16:20:55.712 [Test worker] DEBUG tourGuide.service.TourGuideService - User : 1c781f03-ef49-4705-b69e-69eebd823caa internalUser560
16:20:55.712 [Test worker] DEBUG tourGuide.service.TourGuideService - User : 7bc0be53-ff5a-4a91-ab7e-2ff040daebeb internalUser561
16:20:55.712 [Test worker] DEBUG tourGuide.service.TourGuideService - User : 08167335-ea6a-4468-8d0d-839d11998864 internalUser562
16:20:55.712 [Test worker] DEBUG tourGuide.service.TourGuideService - User : 52bcd509-a503-48ec-abcc-8c245c6dbcd2 internalUser563
16:20:55.712 [Test worker] DEBUG tourGuide.service.TourGuideService - User : f1200248-fa07-437c-84a8-70940fd5f005 internalUser564
16:20:55.712 [Test worker] DEBUG tourGuide.service.TourGuideService - User : d0f3efaf-69e8-4ff3-ade5-0da137bc0d85 internalUser565
16:20:55.712 [Test worker] DEBUG tourGuide.service.TourGuideService - User : 2a1c0c8f-6a8d-40ce-9ec9-2aa7ffd6c309 internalUser566
16:20:55.712 [Test worker] DEBUG tourGuide.service.TourGuideService - User : 17c340b4-1cc2-4cd5-b6c2-db9837528df0 internalUser567
16:20:55.712 [Test worker] DEBUG tourGuide.service.TourGuideService - User : ade9a753-6764-4e9c-a46e-8cc45274de2e internalUser568
16:20:55.712 [Test worker] DEBUG tourGuide.service.TourGuideService - User : 39fe2a36-b4ed-470b-b7f4-079742abd333 internalUser569
16:20:55.722 [Test worker] DEBUG tourGuide.service.TourGuideService - User : 8121b835-bbfa-452c-98de-ffd5bb4e9ad9 internalUser570
16:20:55.722 [Test worker] DEBUG tourGuide.service.TourGuideService - User : e418c014-4898-46a2-b29a-e0a517e9263a internalUser571
16:20:55.722 [Test worker] DEBUG tourGuide.service.TourGuideService - User : 9e504d94-7d87-4c4f-97d7-f51d7e68c6b2 internalUser572
16:20:55.722 [Test worker] DEBUG tourGuide.service.TourGuideService - User : 815e58f6-55a5-455b-9989-3a00d6e7ea60 internalUser573
16:20:55.722 [Test worker] DEBUG tourGuide.service.TourGuideService - User : 2310a8b8-f5d1-4722-87a8-ca74684409e6 internalUser574
16:20:55.722 [Test worker] DEBUG tourGuide.service.TourGuideService - User : 80d55499-9ae5-43e5-8b26-f34a65932d79 internalUser575
16:20:55.732 [Test worker] DEBUG tourGuide.service.TourGuideService - User : 5d0a4ad2-ab84-49fb-9e8c-8812757611cb internalUser576
16:20:55.732 [Test worker] DEBUG tourGuide.service.TourGuideService - User : 0a9b03e1-79fb-4902-ac4f-e51cef5e3d17 internalUser577
16:20:55.732 [Test worker] DEBUG tourGuide.service.TourGuideService - User : f7faf383-f0fb-4ad4-97bb-f701ae2f80ce internalUser578
16:20:55.740 [Test worker] DEBUG tourGuide.service.TourGuideService - User : 047d2b34-9133-4bef-ab91-8d2f60a84ee1 internalUser579
16:20:55.740 [Test worker] DEBUG tourGuide.service.TourGuideService - User : 20370a38-a51a-439d-aebb-db497bfcdadf internalUser580
16:20:55.740 [Test worker] DEBUG tourGuide.service.TourGuideService - User : f5b1377c-71ce-422c-917c-f3b7b2e79e52 internalUser581
16:20:55.740 [Test worker] DEBUG tourGuide.service.TourGuideService - User : 8793f846-bd7b-4470-8e3f-0ba1e5b69ca6 internalUser582
16:20:55.742 [Test worker] DEBUG tourGuide.service.TourGuideService - User : b31b6a2f-adaa-4c2e-8e3d-9c62a2a7b595 internalUser583
16:20:55.742 [Test worker] DEBUG tourGuide.service.TourGuideService - User : 5094ee82-31f7-4078-a8c4-6af09978d0f8 internalUser584
16:20:55.742 [Test worker] DEBUG tourGuide.service.TourGuideService - User : 73c05839-f062-46bd-a299-3cbda98c0623 internalUser585
16:20:55.742 [Test worker] DEBUG tourGuide.service.TourGuideService - User : ae39e368-a86f-4ff8-b9a2-31383cfabcd4 internalUser586
16:20:55.742 [Test worker] DEBUG tourGuide.service.TourGuideService - User : 64175464-d54a-4609-88fa-7226630b6464 internalUser587
16:20:55.742 [Test worker] DEBUG tourGuide.service.TourGuideService - User : 8722786b-4e30-4b96-9897-d59a37428e5b internalUser588
16:20:55.742 [Test worker] DEBUG tourGuide.service.TourGuideService - User : 187709af-9df6-48de-a283-e546f985e9ea internalUser589
16:20:55.742 [Test worker] DEBUG tourGuide.service.TourGuideService - User : 8f30f8d4-7e33-435a-8f3f-7e2fa16a6849 internalUser590
16:20:55.742 [Test worker] DEBUG tourGuide.service.TourGuideService - User : fdfaff50-61ff-4d2c-8536-9e6c2dc0ff8d internalUser591
16:20:55.742 [Test worker] DEBUG tourGuide.service.TourGuideService - User : bcf684c1-76fc-4079-9550-fb4ebcea903d internalUser592
16:20:55.742 [Test worker] DEBUG tourGuide.service.TourGuideService - User : 489b2350-4906-4352-b046-706ebf1e16d7 internalUser593
16:20:55.742 [Test worker] DEBUG tourGuide.service.TourGuideService - User : 9477e3c6-4a42-4c73-aab3-d3e22bde7ff7 internalUser594
16:20:55.742 [Test worker] DEBUG tourGuide.service.TourGuideService - User : 67133211-9a8e-47f8-86c8-39655aed88c5 internalUser595
16:20:55.742 [Test worker] DEBUG tourGuide.service.TourGuideService - User : d8cbdf0c-5a8e-4afe-bc4d-a67a2041aa63 internalUser596
16:20:55.742 [Test worker] DEBUG tourGuide.service.TourGuideService - User : 44588d5c-c2eb-425d-9a87-b1a1977f75ea internalUser597
16:20:55.742 [Test worker] DEBUG tourGuide.service.TourGuideService - User : 2b0e6260-be37-4043-bc15-aa857f18a974 internalUser598
16:20:55.742 [Test worker] DEBUG tourGuide.service.TourGuideService - User : f6694d62-ff50-4ca8-a125-c8f9723d5a15 internalUser599
16:20:55.742 [Test worker] DEBUG tourGuide.service.TourGuideService - User : e9323bab-0437-4d95-867e-ffb71ae673e9 internalUser600
16:20:55.742 [Test worker] DEBUG tourGuide.service.TourGuideService - User : 5e610e9d-5f03-4481-9951-27374f0f265a internalUser601
16:20:55.742 [Test worker] DEBUG tourGuide.service.TourGuideService - User : 401c2f57-db36-4eee-9dd2-fad86fd503ff internalUser602
16:20:55.742 [Test worker] DEBUG tourGuide.service.TourGuideService - User : cd4fda52-0183-4c5b-8c88-cb300a56fb9f internalUser603
16:20:55.742 [Test worker] DEBUG tourGuide.service.TourGuideService - User : 6ddc4ce1-b822-46bc-8df3-9577bea87559 internalUser604
16:20:55.742 [Test worker] DEBUG tourGuide.service.TourGuideService - User : 3862ff85-34bf-4aa7-990a-a1699dd0a51d internalUser605
16:20:55.742 [Test worker] DEBUG tourGuide.service.TourGuideService - User : a9b31976-e709-4dd1-a9f0-9eaa56ecfed8 internalUser606
16:20:55.742 [Test worker] DEBUG tourGuide.service.TourGuideService - User : c167e33b-96a8-448d-8b25-0bdebc71e969 internalUser607
16:20:55.742 [Test worker] DEBUG tourGuide.service.TourGuideService - User : 11ecdbdf-92d8-4cba-9dcc-d0690d536852 internalUser608
16:20:55.742 [Test worker] DEBUG tourGuide.service.TourGuideService - User : 035fec5d-0cc6-40a4-aa6f-03aa11f7a329 internalUser609
[...]
16:20:59.030 [pool-2-thread-13] DEBUG tourGuide.service.RewardsService - calculateRewards pour user : internalUser911
16:20:59.032 [pool-2-thread-100] DEBUG tourGuide.service.RewardsService - calculateRewards pour user : internalUser995
16:20:59.032 [pool-2-thread-99] DEBUG tourGuide.service.RewardsService - calculateRewards pour user : internalUser519
16:20:59.034 [pool-2-thread-18] DEBUG tourGuide.service.RewardsService - calculateRewards pour user : internalUser511
16:20:59.034 [pool-2-thread-17] DEBUG tourGuide.service.RewardsService - calculateRewards pour user : internalUser910
16:20:59.036 [pool-2-thread-34] DEBUG tourGuide.service.RewardsService - calculateRewards pour user : internalUser755
16:20:59.043 [pool-2-thread-60] DEBUG tourGuide.service.RewardsService - calculateRewards pour user : internalUser998
16:20:59.045 [pool-2-thread-24] DEBUG tourGuide.service.RewardsService - calculateRewards pour user : internalUser990
16:20:59.045 [pool-2-thread-36] DEBUG tourGuide.service.RewardsService - calculateRewards pour user : internalUser516
16:20:59.048 [pool-2-thread-62] DEBUG tourGuide.service.RewardsService - calculateRewards pour user : internalUser992
16:20:59.055 [pool-2-thread-28] DEBUG tourGuide.service.RewardsService - calculateRewards pour user : internalUser997
16:20:59.055 [pool-2-thread-98] DEBUG tourGuide.service.RewardsService - calculateRewards pour user : internalUser757
16:20:59.061 [pool-2-thread-61] DEBUG tourGuide.service.RewardsService - calculateRewards pour user : internalUser921
16:20:59.061 [pool-2-thread-2] DEBUG tourGuide.service.RewardsService - calculateRewards pour user : internalUser931
16:20:59.062 [pool-2-thread-83] DEBUG tourGuide.service.RewardsService - calculateRewards pour user : internalUser925
16:20:59.065 [pool-2-thread-15] DEBUG tourGuide.service.RewardsService - calculateRewards pour user : internalUser999
16:20:59.065 [pool-2-thread-91] DEBUG tourGuide.service.RewardsService - calculateRewards pour user : internalUser924
16:20:59.067 [pool-2-thread-52] DEBUG tourGuide.service.RewardsService - calculateRewards pour user : internalUser751
16:20:59.069 [pool-2-thread-19] DEBUG tourGuide.service.RewardsService - calculateRewards pour user : internalUser517
16:20:59.070 [pool-2-thread-53] DEBUG tourGuide.service.RewardsService - calculateRewards pour user : internalUser514
16:20:59.071 [pool-2-thread-80] DEBUG tourGuide.service.RewardsService - calculateRewards pour user : internalUser934
16:20:59.085 [pool-2-thread-48] DEBUG tourGuide.service.RewardsService - calculateRewards pour user : internalUser935
16:20:59.085 [pool-2-thread-67] DEBUG tourGuide.service.RewardsService - calculateRewards pour user : internalUser933
16:20:59.086 [pool-2-thread-27] DEBUG tourGuide.service.RewardsService - calculateRewards pour user : internalUser936
16:20:59.090 [pool-2-thread-10] DEBUG tourGuide.service.RewardsService - calculateRewards pour user : internalUser756
16:20:59.090 [pool-2-thread-54] DEBUG tourGuide.service.RewardsService - calculateRewards pour user : internalUser929
16:20:59.090 [pool-2-thread-14] DEBUG tourGuide.service.RewardsService - calculateRewards pour user : internalUser941
16:20:59.092 [pool-2-thread-92] DEBUG tourGuide.service.RewardsService - calculateRewards pour user : internalUser515
16:20:59.093 [pool-2-thread-88] DEBUG tourGuide.service.RewardsService - calculateRewards pour user : internalUser930
16:20:59.093 [pool-2-thread-39] DEBUG tourGuide.service.RewardsService - calculateRewards pour user : internalUser920
16:20:59.099 [pool-2-thread-81] DEBUG tourGuide.service.RewardsService - calculateRewards pour user : internalUser949
16:20:59.099 [pool-2-thread-37] DEBUG tourGuide.service.RewardsService - calculateRewards pour user : internalUser928
16:20:59.101 [pool-2-thread-63] DEBUG tourGuide.service.RewardsService - calculateRewards pour user : internalUser937
16:20:59.106 [pool-2-thread-7] DEBUG tourGuide.service.RewardsService - calculateRewards pour user : internalUser926
16:20:59.107 [pool-2-thread-69] DEBUG tourGuide.service.RewardsService - calculateRewards pour user : internalUser927
16:20:59.109 [pool-2-thread-75] DEBUG tourGuide.service.RewardsService - calculateRewards pour user : internalUser932
16:20:59.109 [pool-2-thread-46] DEBUG tourGuide.service.RewardsService - calculateRewards pour user : internalUser923
16:20:59.109 [pool-2-thread-51] DEBUG tourGuide.service.RewardsService - calculateRewards pour user : internalUser939
16:20:59.112 [pool-2-thread-86] DEBUG tourGuide.service.RewardsService - calculateRewards pour user : internalUser942
16:20:59.115 [pool-2-thread-42] DEBUG tourGuide.service.RewardsService - calculateRewards pour user : internalUser706
16:20:59.116 [pool-2-thread-44] DEBUG tourGuide.service.RewardsService - calculateRewards pour user : internalUser700
16:20:59.116 [pool-2-thread-23] DEBUG tourGuide.service.RewardsService - calculateRewards pour user : internalUser702
16:20:59.116 [pool-2-thread-49] DEBUG tourGuide.service.RewardsService - calculateRewards pour user : internalUser938
16:20:59.118 [pool-2-thread-11] DEBUG tourGuide.service.RewardsService - calculateRewards pour user : internalUser948
16:20:59.119 [pool-2-thread-78] DEBUG tourGuide.service.RewardsService - calculateRewards pour user : internalUser922
16:20:59.120 [pool-2-thread-87] DEBUG tourGuide.service.RewardsService - calculateRewards pour user : internalUser945
16:20:59.124 [pool-2-thread-77] DEBUG tourGuide.service.RewardsService - calculateRewards pour user : internalUser947
16:20:59.128 [pool-2-thread-5] DEBUG tourGuide.service.RewardsService - calculateRewards pour user : internalUser946
16:20:59.128 [pool-2-thread-90] DEBUG tourGuide.service.RewardsService - calculateRewards pour user : internalUser704
16:20:59.130 [pool-2-thread-33] DEBUG tourGuide.service.RewardsService - calculateRewards pour user : internalUser940
16:20:59.130 [pool-2-thread-43] DEBUG tourGuide.service.RewardsService - calculateRewards pour user : internalUser952
16:20:59.133 [pool-2-thread-65] DEBUG tourGuide.service.RewardsService - calculateRewards pour user : internalUser708
16:20:59.138 [pool-2-thread-16] DEBUG tourGuide.service.RewardsService - calculateRewards pour user : internalUser705
16:20:59.140 [pool-2-thread-82] DEBUG tourGuide.service.RewardsService - calculateRewards pour user : internalUser709
16:20:59.140 [pool-2-thread-3] DEBUG tourGuide.service.RewardsService - calculateRewards pour user : internalUser943
16:20:59.143 [pool-2-thread-30] DEBUG tourGuide.service.RewardsService - calculateRewards pour user : internalUser718
16:20:59.143 [pool-2-thread-40] DEBUG tourGuide.service.RewardsService - calculateRewards pour user : internalUser719
16:20:59.143 [pool-2-thread-70] DEBUG tourGuide.service.RewardsService - calculateRewards pour user : internalUser707
16:20:59.145 [pool-2-thread-85] DEBUG tourGuide.service.RewardsService - calculateRewards pour user : internalUser714
16:20:59.147 [pool-2-thread-31] DEBUG tourGuide.service.RewardsService - calculateRewards pour user : internalUser959
16:20:59.152 [pool-2-thread-55] DEBUG tourGuide.service.RewardsService - calculateRewards pour user : internalUser717
16:20:59.158 [pool-2-thread-72] DEBUG tourGuide.service.RewardsService - calculateRewards pour user : internalUser957
16:20:59.161 [pool-2-thread-1] DEBUG tourGuide.service.RewardsService - calculateRewards pour user : internalUser716
16:20:59.161 [pool-2-thread-45] DEBUG tourGuide.service.RewardsService - calculateRewards pour user : internalUser955
16:20:59.163 [pool-2-thread-50] DEBUG tourGuide.service.RewardsService - calculateRewards pour user : internalUser701
16:20:59.163 [pool-2-thread-4] DEBUG tourGuide.service.RewardsService - calculateRewards pour user : internalUser958
16:20:59.171 [pool-2-thread-68] DEBUG tourGuide.service.RewardsService - calculateRewards pour user : internalUser710
16:20:59.173 [pool-2-thread-38] DEBUG tourGuide.service.RewardsService - calculateRewards pour user : internalUser711
16:20:59.173 [pool-2-thread-12] DEBUG tourGuide.service.RewardsService - calculateRewards pour user : internalUser703
16:20:59.175 [pool-2-thread-21] DEBUG tourGuide.service.RewardsService - calculateRewards pour user : internalUser951
16:20:59.183 [pool-2-thread-96] DEBUG tourGuide.service.RewardsService - calculateRewards pour user : internalUser917
16:20:59.186 [pool-2-thread-64] DEBUG tourGuide.service.RewardsService - calculateRewards pour user : internalUser944
16:20:59.186 [pool-2-thread-35] DEBUG tourGuide.service.RewardsService - calculateRewards pour user : internalUser901
16:20:59.192 [pool-2-thread-89] DEBUG tourGuide.service.RewardsService - calculateRewards pour user : internalUser913
16:20:59.192 [pool-2-thread-20] DEBUG tourGuide.service.RewardsService - calculateRewards pour user : internalUser908
16:20:59.195 [pool-2-thread-6] DEBUG tourGuide.service.RewardsService - calculateRewards pour user : internalUser953
16:20:59.195 [pool-2-thread-79] DEBUG tourGuide.service.RewardsService - calculateRewards pour user : internalUser915
16:20:59.197 [pool-2-thread-3] DEBUG tourGuide.service.RewardsService - calculateRewards => ******************* passage nearAttraction : internalUser943
16:20:59.197 [pool-2-thread-9] DEBUG tourGuide.service.RewardsService - calculateRewards pour user : internalUser902
16:20:59.197 [pool-2-thread-97] DEBUG tourGuide.service.RewardsService - calculateRewards pour user : internalUser712
16:20:59.202 [pool-2-thread-41] DEBUG tourGuide.service.RewardsService - calculateRewards pour user : internalUser950
16:20:59.205 [pool-2-thread-71] DEBUG tourGuide.service.RewardsService - calculateRewards pour user : internalUser900
16:20:59.207 [pool-2-thread-32] DEBUG tourGuide.service.RewardsService - calculateRewards pour user : internalUser956
16:20:59.207 [pool-2-thread-22] DEBUG tourGuide.service.RewardsService - calculateRewards pour user : internalUser954
16:20:59.207 [pool-2-thread-8] DEBUG tourGuide.service.RewardsService - calculateRewards pour user : internalUser918
16:20:59.207 [pool-2-thread-84] DEBUG tourGuide.service.RewardsService - calculateRewards pour user : internalUser715
16:20:59.209 [pool-2-thread-74] DEBUG tourGuide.service.RewardsService - calculateRewards pour user : internalUser713
16:20:59.209 [pool-2-thread-76] DEBUG tourGuide.service.RewardsService - calculateRewards pour user : internalUser919
16:20:59.211 [pool-2-thread-57] DEBUG tourGuide.service.RewardsService - calculateRewards pour user : internalUser916
16:20:59.211 [pool-2-thread-56] DEBUG tourGuide.service.RewardsService - calculateRewards pour user : internalUser905
16:20:59.216 [pool-2-thread-26] DEBUG tourGuide.service.RewardsService - calculateRewards pour user : internalUser910
16:20:59.218 [pool-2-thread-47] DEBUG tourGuide.service.RewardsService - calculateRewards pour user : internalUser907
16:20:59.218 [pool-2-thread-93] DEBUG tourGuide.service.RewardsService - calculateRewards pour user : internalUser914
16:20:59.219 [pool-2-thread-25] DEBUG tourGuide.service.RewardsService - calculateRewards pour user : internalUser909
16:20:59.222 [pool-2-thread-95] DEBUG tourGuide.service.RewardsService - calculateRewards pour user : internalUser903
16:20:59.227 [pool-2-thread-66] DEBUG tourGuide.service.RewardsService - calculateRewards pour user : internalUser906
16:20:59.229 [pool-2-thread-94] DEBUG tourGuide.service.RewardsService - calculateRewards pour user : internalUser904
16:20:59.229 [pool-2-thread-59] DEBUG tourGuide.service.RewardsService - calculateRewards pour user : internalUser911
16:20:59.242 [pool-2-thread-58] DEBUG tourGuide.service.RewardsService - calculateRewards pour user : internalUser912
16:20:59.771 [Test worker] DEBUG tourGuide.service.TourGuideService - attractionResponsesWithRewardPoint size :1000
temps highVolumeTrackLocation en ms : 3948
16:20:59.773 [Test worker] DEBUG tourGuide.service.TripPricerServiceImpl - constructor TripPricerService
16:20:59.773 [Test worker] INFO tourGuide.service.TourGuideService - TestMode enabled
16:20:59.773 [Test worker] DEBUG tourGuide.service.TourGuideService - Initializing users
16:20:59.774 [Test worker] DEBUG tourGuide.service.TourGuideService - User : 023d3be7-f747-4a16-b457-9f83633a3877 internalUser0
16:20:59.775 [Test worker] DEBUG tourGuide.service.TourGuideService - User : e07c6766-8433-4b5b-96e6-3b259edde168 internalUser1
16:20:59.775 [Test worker] DEBUG tourGuide.service.TourGuideService - User : 0c584671-1c6d-486d-8ba4-8b4de57026c7 internalUser2
16:20:59.775 [Test worker] DEBUG tourGuide.service.TourGuideService - User : 0ceca529-01d1-43e3-8224-035858d3973b internalUser3
16:20:59.775 [Test worker] DEBUG tourGuide.service.TourGuideService - User : 7acf2f25-9146-47f5-abc2-3623f9fbcf87 internalUser4
16:20:59.775 [Test worker] DEBUG tourGuide.service.TourGuideService - User : c3698c45-752d-4cd4-9ef2-a045dc9f442a internalUser5
16:20:59.776 [Test worker] DEBUG tourGuide.service.TourGuideService - User : 6f2db154-8270-43cd-9d46-0b143a3e8e5a internalUser6
16:20:59.776 [Test worker] DEBUG tourGuide.service.TourGuideService - User : ab67ec9c-2129-49f3-8496-6c8afeabed67 internalUser7
16:20:59.776 [Test worker] DEBUG tourGuide.service.TourGuideService - User : 2eb6f988-84c6-44e5-acd3-2e25e29c4ca4 internalUser8
16:20:59.776 [Test worker] DEBUG tourGuide.service.TourGuideService - User : e26a2e7a-fcfe-4667-a2db-765f608828ce internalUser9
16:20:59.776 [Test worker] DEBUG tourGuide.service.TourGuideService - Created 10 internal test users.
16:20:59.776 [Test worker] DEBUG tourGuide.service.TourGuideService - Finished initializing users
16:20:59.776 [Test worker] INFO tourGuide.service.TourGuideService - addShutDownHook
16:20:59.777 [pool-6-thread-1] DEBUG tourGuide.tracker.Tracker - Begin Tracker. Tracking 10 users.
16:20:59.777 [pool-6-thread-1] INFO tourGuide.service.TourGuideService - trackUserLocationForAllUsers
16:20:59.777 [pool-6-thread-1] INFO tourGuide.service.TourGuideService - trackUserLocationAsync for user : internalUser9
16:20:59.777 [pool-6-thread-1] INFO tourGuide.service.TourGuideService - trackUserLocationAsync for user : internalUser8
16:20:59.777 [pool-6-thread-1] INFO tourGuide.service.TourGuideService - trackUserLocationAsync for user : internalUser3
16:20:59.777 [pool-6-thread-1] INFO tourGuide.service.TourGuideService - trackUserLocationAsync for user : internalUser2
16:20:59.777 [pool-6-thread-1] INFO tourGuide.service.TourGuideService - trackUserLocationAsync for user : internalUser1
16:20:59.777 [pool-6-thread-1] INFO tourGuide.service.TourGuideService - trackUserLocationAsync for user : internalUser0
16:20:59.778 [pool-6-thread-1] INFO tourGuide.service.TourGuideService - trackUserLocationAsync for user : internalUser7
16:20:59.778 [pool-6-thread-1] INFO tourGuide.service.TourGuideService - trackUserLocationAsync for user : internalUser6
16:20:59.778 [pool-6-thread-1] INFO tourGuide.service.TourGuideService - trackUserLocationAsync for user : internalUser5
16:20:59.778 [pool-6-thread-1] INFO tourGuide.service.TourGuideService - trackUserLocationAsync for user : internalUser4
16:20:59.787 [Test worker] DEBUG tourGuide.service.RewardsService - calculateRewards pour user : internalUser9
16:20:59.797 [Test worker] DEBUG tourGuide.service.RewardsService - calculateRewards => ******************* passage nearAttraction : internalUser9
16:20:59.812 [pool-5-thread-10] DEBUG tourGuide.service.RewardsService - calculateRewards pour user : internalUser4
16:20:59.819 [pool-5-thread-6] DEBUG tourGuide.service.RewardsService - calculateRewards pour user : internalUser0
16:20:59.838 [pool-5-thread-1] DEBUG tourGuide.service.RewardsService - calculateRewards pour user : internalUser9
16:20:59.842 [pool-3-thread-1] DEBUG tourGuide.service.TourGuideService - attractionResponsesWithRewardPoint size :1000
16:20:59.842 [pool-3-thread-1] DEBUG tourGuide.tracker.Tracker - visitedLocations.size : 1000
16:20:59.842 [pool-3-thread-1] DEBUG tourGuide.tracker.Tracker - Tracker Time Elapsed: 3 seconds.
16:20:59.842 [pool-3-thread-1] DEBUG tourGuide.tracker.Tracker - Tracker sleeping
16:20:59.848 [pool-5-thread-1] DEBUG tourGuide.service.RewardsService - calculateRewards => ******************* passage nearAttraction : internalUser9
16:20:59.854 [pool-5-thread-4] DEBUG tourGuide.service.RewardsService - calculateRewards pour user : internalUser2
16:20:59.859 [pool-5-thread-7] DEBUG tourGuide.service.RewardsService - calculateRewards pour user : internalUser7
16:20:59.863 [pool-5-thread-3] DEBUG tourGuide.service.RewardsService - calculateRewards pour user : internalUser3
16:20:59.868 [pool-5-thread-2] DEBUG tourGuide.service.RewardsService - calculateRewards pour user : internalUser8
16:20:59.868 [pool-5-thread-9] DEBUG tourGuide.service.RewardsService - calculateRewards pour user : internalUser5
16:20:59.876 [pool-5-thread-5] DEBUG tourGuide.service.RewardsService - calculateRewards pour user : internalUser1
16:20:59.877 [pool-5-thread-8] DEBUG tourGuide.service.RewardsService - calculateRewards pour user : internalUser6
16:21:00.575 [pool-6-thread-1] DEBUG tourGuide.service.TourGuideService - attractionResponsesWithRewardPoint size :10
16:21:00.576 [pool-6-thread-1] DEBUG tourGuide.tracker.Tracker - visitedLocations.size : 10
16:21:00.576 [pool-6-thread-1] DEBUG tourGuide.tracker.Tracker - Tracker Time Elapsed: 0 seconds.
16:21:00.576 [pool-6-thread-1] DEBUG tourGuide.tracker.Tracker - Tracker sleeping
16:21:00.701 [Test worker] DEBUG tourGuide.service.RewardsService - calculateRewards pour user : internalUser8
16:21:00.717 [Test worker] DEBUG tourGuide.service.RewardsService - calculateRewards => ******************* passage nearAttraction : internalUser8
16:21:01.181 [Test worker] DEBUG tourGuide.service.RewardsService - calculateRewards pour user : internalUser3
16:21:01.201 [Test worker] DEBUG tourGuide.service.RewardsService - calculateRewards => ******************* passage nearAttraction : internalUser3
16:21:01.258 [Test worker] DEBUG tourGuide.service.RewardsService - calculateRewards pour user : internalUser2
16:21:01.268 [Test worker] DEBUG tourGuide.service.RewardsService - calculateRewards => ******************* passage nearAttraction : internalUser2
16:21:01.895 [Test worker] DEBUG tourGuide.service.RewardsService - calculateRewards pour user : internalUser1
16:21:01.911 [Test worker] DEBUG tourGuide.service.RewardsService - calculateRewards => ******************* passage nearAttraction : internalUser1
16:21:02.715 [Test worker] DEBUG tourGuide.service.RewardsService - calculateRewards pour user : internalUser0
16:21:02.730 [Test worker] DEBUG tourGuide.service.RewardsService - calculateRewards => ******************* passage nearAttraction : internalUser0
16:21:03.129 [Test worker] DEBUG tourGuide.service.RewardsService - calculateRewards pour user : internalUser7
16:21:03.145 [Test worker] DEBUG tourGuide.service.RewardsService - calculateRewards => ******************* passage nearAttraction : internalUser7
16:21:03.953 [Test worker] DEBUG tourGuide.service.RewardsService - calculateRewards pour user : internalUser6
16:21:03.969 [Test worker] DEBUG tourGuide.service.RewardsService - calculateRewards => ******************* passage nearAttraction : internalUser6
16:21:04.682 [Test worker] DEBUG tourGuide.service.RewardsService - calculateRewards pour user : internalUser5
16:21:04.698 [Test worker] DEBUG tourGuide.service.RewardsService - calculateRewards => ******************* passage nearAttraction : internalUser5
16:21:05.591 [Test worker] DEBUG tourGuide.service.RewardsService - calculateRewards pour user : internalUser4
16:21:05.607 [Test worker] DEBUG tourGuide.service.RewardsService - calculateRewards => ******************* passage nearAttraction : internalUser4
highVolumeGetRewards: Time Elapsed: 6 seconds.
]]></system-out>
  <system-err><![CDATA[]]></system-err>
</testsuite>
